{"numFailedTestSuites":1,"numFailedTests":1,"numPassedTestSuites":1,"numPassedTests":6,"numPendingTestSuites":0,"numPendingTests":0,"numRuntimeErrorTestSuites":0,"numTotalTestSuites":2,"numTotalTests":7,"snapshot":{"added":0,"didUpdate":false,"failure":false,"filesAdded":0,"filesRemoved":0,"filesUnmatched":0,"filesUpdated":0,"matched":0,"total":0,"unchecked":0,"unmatched":0,"updated":0},"startTime":1516827990920,"success":false,"testResults":[{"console":[],"failureMessage":"\u001b[1m\u001b[31m  \u001b[1m● \u001b[1mIs Complete\u001b[39m\u001b[22m\n\n    \u001b[2mexpect(\u001b[22m\u001b[31mreceived\u001b[39m\u001b[2m).toBe(\u001b[22m\u001b[32mexpected\u001b[39m\u001b[2m)\u001b[22m\n    \n    Expected value to be (using ===):\n      \u001b[32mtrue\u001b[39m\n    Received:\n      \u001b[31mfalse\u001b[39m\n\u001b[2m      \n      \u001b[2mat Object.<anonymous>.it (\u001b[2m\u001b[0m\u001b[36msrc/App.test.js\u001b[39m\u001b[0m\u001b[2m:29:17)\u001b[2m\n          at new Promise (<anonymous>)\n      \u001b[2mat Promise.resolve.then.el (\u001b[2m\u001b[0m\u001b[36mnode_modules/p-map/index.js\u001b[39m\u001b[0m\u001b[2m:46:16)\u001b[2m\n          at <anonymous>\n      \u001b[2mat process._tickCallback (\u001b[2m\u001b[0m\u001b[36minternal/process/next_tick.js\u001b[39m\u001b[0m\u001b[2m:188:7)\u001b[2m\u001b[22m\n","numFailingTests":1,"numPassingTests":3,"numPendingTests":0,"perfStats":{"end":1516827993478,"start":1516827991454},"snapshot":{"added":0,"fileDeleted":false,"matched":0,"unchecked":0,"unmatched":0,"updated":0},"testFilePath":"C:\\Users\\John\\CS4098\\client\\event-sys-gui\\src\\App.test.js","testResults":[{"ancestorTitles":[],"duration":27,"failureMessages":[],"fullName":"Renders App Without Crashing","numPassingAsserts":0,"status":"passed","title":"Renders App Without Crashing"},{"ancestorTitles":[],"duration":10,"failureMessages":[],"fullName":"Loads Test View","numPassingAsserts":0,"status":"passed","title":"Loads Test View"},{"ancestorTitles":[],"duration":2,"failureMessages":[],"fullName":"Test View Hidden","numPassingAsserts":0,"status":"passed","title":"Test View Hidden"},{"ancestorTitles":[],"duration":2,"failureMessages":["Error: \u001b[2mexpect(\u001b[22m\u001b[31mreceived\u001b[39m\u001b[2m).toBe(\u001b[22m\u001b[32mexpected\u001b[39m\u001b[2m)\u001b[22m\n\nExpected value to be (using ===):\n  \u001b[32mtrue\u001b[39m\nReceived:\n  \u001b[31mfalse\u001b[39m\n    at Object.<anonymous>.it (C:\\Users\\John\\CS4098\\client\\event-sys-gui\\src\\App.test.js:29:17)\n    at Object.asyncFn (C:\\Users\\John\\CS4098\\client\\event-sys-gui\\node_modules\\jest-jasmine2\\build\\jasmine-async.js:68:30)\n    at resolve (C:\\Users\\John\\CS4098\\client\\event-sys-gui\\node_modules\\jest-jasmine2\\build\\queueRunner.js:38:12)\n    at new Promise (<anonymous>)\n    at mapper (C:\\Users\\John\\CS4098\\client\\event-sys-gui\\node_modules\\jest-jasmine2\\build\\queueRunner.js:31:21)\n    at Promise.resolve.then.el (C:\\Users\\John\\CS4098\\client\\event-sys-gui\\node_modules\\p-map\\index.js:46:16)\n    at <anonymous>\n    at process._tickCallback (internal/process/next_tick.js:188:7)"],"fullName":"Is Complete","numPassingAsserts":0,"status":"failed","title":"Is Complete"}],"sourceMaps":{},"skipped":false},{"console":[{"message":"{ name: 'Test Result', success: true }","origin":"C:\\Users\\John\\CS4098\\client\\event-sys-gui\\src\\Test.js:15","type":"log"},{"message":"{ name: 'Test Result', success: true }","origin":"C:\\Users\\John\\CS4098\\client\\event-sys-gui\\src\\Test.js:15","type":"log"},{"message":"{ name: 'Test Result', success: true }","origin":"C:\\Users\\John\\CS4098\\client\\event-sys-gui\\src\\Test.js:15","type":"log"},{"message":"{ name: 'Test Result', success: false }","origin":"C:\\Users\\John\\CS4098\\client\\event-sys-gui\\src\\Test.js:15","type":"log"},{"message":"{ name: 'Test Result', success: true }","origin":"C:\\Users\\John\\CS4098\\client\\event-sys-gui\\src\\Test.js:15","type":"log"}],"failureMessage":null,"numFailingTests":0,"numPassingTests":3,"numPendingTests":0,"perfStats":{"end":1516827993770,"start":1516827993504},"snapshot":{"added":0,"fileDeleted":false,"matched":0,"unchecked":0,"unmatched":0,"updated":0},"testFilePath":"C:\\Users\\John\\CS4098\\client\\event-sys-gui\\src\\Test.test.js","testResults":[{"ancestorTitles":[],"duration":2,"failureMessages":[],"fullName":"Renders Test Without Crashing","numPassingAsserts":0,"status":"passed","title":"Renders Test Without Crashing"},{"ancestorTitles":[],"duration":9,"failureMessages":[],"fullName":"Displays 1 Result","numPassingAsserts":0,"status":"passed","title":"Displays 1 Result"},{"ancestorTitles":[],"duration":7,"failureMessages":[],"fullName":"Displays many Results","numPassingAsserts":0,"status":"passed","title":"Displays many Results"}],"sourceMaps":{},"skipped":false}],"wasInterrupted":false,"coverageMap":{"C:\\Users\\John\\CS4098\\client\\event-sys-gui\\src\\App.js":{"path":"C:\\Users\\John\\CS4098\\client\\event-sys-gui\\src\\App.js","statementMap":{"0":{"start":{"line":8,"column":4},"end":{"line":8,"column":16}},"1":{"start":{"line":9,"column":4},"end":{"line":9,"column":19}},"2":{"start":{"line":10,"column":4},"end":{"line":12,"column":5}},"3":{"start":{"line":11,"column":6},"end":{"line":11,"column":28}},"4":{"start":{"line":16,"column":15},"end":{"line":16,"column":36}},"5":{"start":{"line":17,"column":15},"end":{"line":17,"column":32}},"6":{"start":{"line":19,"column":4},"end":{"line":19,"column":41}},"7":{"start":{"line":24,"column":4},"end":{"line":26,"column":5}},"8":{"start":{"line":25,"column":6},"end":{"line":25,"column":55}},"9":{"start":{"line":28,"column":4},"end":{"line":39,"column":6}}},"fnMap":{"0":{"name":"(anonymous_0)","decl":{"start":{"line":7,"column":2},"end":{"line":7,"column":3}},"loc":{"start":{"line":7,"column":21},"end":{"line":13,"column":3}},"line":7},"1":{"name":"(anonymous_1)","decl":{"start":{"line":15,"column":2},"end":{"line":15,"column":3}},"loc":{"start":{"line":15,"column":25},"end":{"line":20,"column":3}},"line":15},"2":{"name":"(anonymous_2)","decl":{"start":{"line":22,"column":2},"end":{"line":22,"column":3}},"loc":{"start":{"line":22,"column":11},"end":{"line":40,"column":3}},"line":22}},"branchMap":{"0":{"loc":{"start":{"line":10,"column":4},"end":{"line":12,"column":5}},"type":"if","locations":[{"start":{"line":10,"column":4},"end":{"line":12,"column":5}},{"start":{"line":10,"column":4},"end":{"line":12,"column":5}}],"line":10},"1":{"loc":{"start":{"line":24,"column":4},"end":{"line":26,"column":5}},"type":"if","locations":[{"start":{"line":24,"column":4},"end":{"line":26,"column":5}},{"start":{"line":24,"column":4},"end":{"line":26,"column":5}}],"line":24}},"s":{"0":3,"1":3,"2":3,"3":2,"4":2,"5":2,"6":2,"7":5,"8":4,"9":1},"f":{"0":3,"1":2,"2":5},"b":{"0":[2,1],"1":[4,1]},"_coverageSchema":"332fd63041d2c1bcb487cc26dd0d5f7d97098a6c","hash":"a70bfa23686c24e3511fc33452684504bdbc99c0"},"C:\\Users\\John\\CS4098\\client\\event-sys-gui\\src\\Test.js":{"path":"C:\\Users\\John\\CS4098\\client\\event-sys-gui\\src\\Test.js","statementMap":{"0":{"start":{"line":7,"column":14},"end":{"line":7,"column":32}},"1":{"start":{"line":8,"column":14},"end":{"line":8,"column":32}},"2":{"start":{"line":10,"column":11},"end":{"line":24,"column":1}},"3":{"start":{"line":11,"column":2},"end":{"line":23,"column":8}},"4":{"start":{"line":15,"column":10},"end":{"line":15,"column":29}},"5":{"start":{"line":16,"column":10},"end":{"line":19,"column":15}}},"fnMap":{"0":{"name":"(anonymous_0)","decl":{"start":{"line":10,"column":11},"end":{"line":10,"column":12}},"loc":{"start":{"line":10,"column":33},"end":{"line":24,"column":1}},"line":10},"1":{"name":"(anonymous_1)","decl":{"start":{"line":14,"column":21},"end":{"line":14,"column":22}},"loc":{"start":{"line":14,"column":36},"end":{"line":20,"column":9}},"line":14}},"branchMap":{"0":{"loc":{"start":{"line":10,"column":14},"end":{"line":10,"column":26}},"type":"default-arg","locations":[{"start":{"line":10,"column":24},"end":{"line":10,"column":26}}],"line":10},"1":{"loc":{"start":{"line":18,"column":17},"end":{"line":18,"column":51}},"type":"cond-expr","locations":[{"start":{"line":18,"column":34},"end":{"line":18,"column":41}},{"start":{"line":18,"column":44},"end":{"line":18,"column":51}}],"line":18}},"s":{"0":2,"1":2,"2":2,"3":7,"4":5,"5":5},"f":{"0":7,"1":5},"b":{"0":[3],"1":[4,1]},"_coverageSchema":"332fd63041d2c1bcb487cc26dd0d5f7d97098a6c","hash":"b0c887dd3b7be07cde734c23698a77723a0fc40e"},"C:\\Users\\John\\CS4098\\client\\event-sys-gui\\src\\index.js":{"path":"C:\\Users\\John\\CS4098\\client\\event-sys-gui\\src\\index.js","statementMap":{"0":{"start":{"line":1,"column":32},"end":{"line":1,"column":95}},"1":{"start":{"line":1,"column":109},"end":{"line":1,"column":125}},"2":{"start":{"line":1,"column":140},"end":{"line":1,"column":170}},"3":{"start":{"line":2,"column":16},"end":{"line":2,"column":36}},"4":{"start":{"line":2,"column":54},"end":{"line":2,"column":87}},"5":{"start":{"line":3,"column":0},"end":{"line":3,"column":23}},"6":{"start":{"line":4,"column":11},"end":{"line":4,"column":27}},"7":{"start":{"line":4,"column":40},"end":{"line":4,"column":68}},"8":{"start":{"line":5,"column":29},"end":{"line":5,"column":63}},"9":{"start":{"line":5,"column":94},"end":{"line":5,"column":140}},"10":{"start":{"line":5,"column":179},"end":{"line":5,"column":233}},"11":{"start":{"line":7,"column":12},"end":{"line":8,"column":59}},"12":{"start":{"line":11,"column":0},"end":{"line":11,"column":208}},"13":{"start":{"line":12,"column":0},"end":{"line":12,"column":39}}},"fnMap":{"0":{"name":"_interopRequireDefault","decl":{"start":{"line":5,"column":150},"end":{"line":5,"column":172}},"loc":{"start":{"line":5,"column":178},"end":{"line":5,"column":234}},"line":5}},"branchMap":{"0":{"loc":{"start":{"line":5,"column":186},"end":{"line":5,"column":232}},"type":"cond-expr","locations":[{"start":{"line":5,"column":210},"end":{"line":5,"column":213}},{"start":{"line":5,"column":216},"end":{"line":5,"column":232}}],"line":5},"1":{"loc":{"start":{"line":5,"column":186},"end":{"line":5,"column":207}},"type":"binary-expr","locations":[{"start":{"line":5,"column":186},"end":{"line":5,"column":189}},{"start":{"line":5,"column":193},"end":{"line":5,"column":207}}],"line":5}},"s":{"0":0,"1":0,"2":0,"3":0,"4":0,"5":0,"6":0,"7":0,"8":0,"9":0,"10":0,"11":0,"12":0,"13":0},"f":{"0":0},"b":{"0":[0,0],"1":[0,0]}},"C:\\Users\\John\\CS4098\\client\\event-sys-gui\\src\\registerServiceWorker.js":{"path":"C:\\Users\\John\\CS4098\\client\\event-sys-gui\\src\\registerServiceWorker.js","statementMap":{"0":{"start":{"line":1,"column":13},"end":{"line":1,"column":75}},"1":{"start":{"line":1,"column":75},"end":{"line":21,"column":9}},"2":{"start":{"line":21,"column":9},"end":{"line":111,"column":24}},"3":{"start":{"line":118,"column":20},"end":{"line":120,"column":89}},"4":{"start":{"line":120,"column":111},"end":{"line":128,"column":36}},"5":{"start":{"line":121,"column":22},"end":{"line":121,"column":70}},"6":{"start":{"line":121,"column":71},"end":{"line":124,"column":14}},"7":{"start":{"line":124,"column":6},"end":{"line":124,"column":13}},"8":{"start":{"line":124,"column":14},"end":{"line":128,"column":35}},"9":{"start":{"line":124,"column":67},"end":{"line":124,"column":112}},"10":{"start":{"line":124,"column":113},"end":{"line":128,"column":32}},"11":{"start":{"line":125,"column":8},"end":{"line":125,"column":39}},"12":{"start":{"line":127,"column":8},"end":{"line":127,"column":178}},"13":{"start":{"line":127,"column":50},"end":{"line":127,"column":175}},"14":{"start":{"line":128,"column":8},"end":{"line":128,"column":31}},"15":{"start":{"line":128,"column":70},"end":{"line":135,"column":156}},"16":{"start":{"line":128,"column":132},"end":{"line":135,"column":68}},"17":{"start":{"line":128,"column":193},"end":{"line":128,"column":216}},"18":{"start":{"line":128,"column":217},"end":{"line":135,"column":66}},"19":{"start":{"line":128,"column":257},"end":{"line":135,"column":64}},"20":{"start":{"line":128,"column":302},"end":{"line":135,"column":63}},"21":{"start":{"line":132,"column":12},"end":{"line":132,"column":69}},"22":{"start":{"line":135,"column":12},"end":{"line":135,"column":62}},"23":{"start":{"line":135,"column":87},"end":{"line":135,"column":153}},"24":{"start":{"line":136,"column":2},"end":{"line":139,"column":126}},"25":{"start":{"line":137,"column":4},"end":{"line":139,"column":30}},"26":{"start":{"line":138,"column":6},"end":{"line":138,"column":127}},"27":{"start":{"line":138,"column":58},"end":{"line":138,"column":124}},"28":{"start":{"line":138,"column":96},"end":{"line":138,"column":121}},"29":{"start":{"line":139,"column":6},"end":{"line":139,"column":29}},"30":{"start":{"line":139,"column":46},"end":{"line":139,"column":123}},"31":{"start":{"line":139,"column":150},"end":{"line":139,"column":267}},"32":{"start":{"line":139,"column":185},"end":{"line":139,"column":266}},"33":{"start":{"line":139,"column":237},"end":{"line":139,"column":263}}},"fnMap":{"0":{"name":"register","decl":{"start":{"line":120,"column":99},"end":{"line":120,"column":107}},"loc":{"start":{"line":120,"column":110},"end":{"line":128,"column":37}},"line":120},"1":{"name":"(anonymous_1)","decl":{"start":{"line":124,"column":46},"end":{"line":124,"column":47}},"loc":{"start":{"line":124,"column":52},"end":{"line":128,"column":33}},"line":124},"2":{"name":"(anonymous_2)","decl":{"start":{"line":127,"column":43},"end":{"line":127,"column":44}},"loc":{"start":{"line":127,"column":49},"end":{"line":127,"column":176}},"line":127},"3":{"name":"registerValidSW","decl":{"start":{"line":128,"column":46},"end":{"line":128,"column":61}},"loc":{"start":{"line":128,"column":69},"end":{"line":135,"column":157}},"line":128},"4":{"name":"(anonymous_4)","decl":{"start":{"line":128,"column":115},"end":{"line":128,"column":116}},"loc":{"start":{"line":128,"column":131},"end":{"line":135,"column":69}},"line":128},"5":{"name":"(anonymous_5)","decl":{"start":{"line":128,"column":161},"end":{"line":128,"column":162}},"loc":{"start":{"line":128,"column":167},"end":{"line":135,"column":67}},"line":128},"6":{"name":"(anonymous_6)","decl":{"start":{"line":128,"column":250},"end":{"line":128,"column":251}},"loc":{"start":{"line":128,"column":256},"end":{"line":135,"column":65}},"line":128},"7":{"name":"(anonymous_7)","decl":{"start":{"line":135,"column":77},"end":{"line":135,"column":78}},"loc":{"start":{"line":135,"column":86},"end":{"line":135,"column":154}},"line":135},"8":{"name":"checkValidServiceWorker","decl":{"start":{"line":135,"column":166},"end":{"line":135,"column":189}},"loc":{"start":{"line":135,"column":197},"end":{"line":139,"column":127}},"line":135},"9":{"name":"(anonymous_9)","decl":{"start":{"line":136,"column":20},"end":{"line":136,"column":21}},"loc":{"start":{"line":136,"column":32},"end":{"line":139,"column":31}},"line":136},"10":{"name":"(anonymous_10)","decl":{"start":{"line":138,"column":41},"end":{"line":138,"column":42}},"loc":{"start":{"line":138,"column":57},"end":{"line":138,"column":125}},"line":138},"11":{"name":"(anonymous_11)","decl":{"start":{"line":138,"column":89},"end":{"line":138,"column":90}},"loc":{"start":{"line":138,"column":95},"end":{"line":138,"column":122}},"line":138},"12":{"name":"(anonymous_12)","decl":{"start":{"line":139,"column":39},"end":{"line":139,"column":40}},"loc":{"start":{"line":139,"column":45},"end":{"line":139,"column":124}},"line":139},"13":{"name":"unregister","decl":{"start":{"line":139,"column":136},"end":{"line":139,"column":146}},"loc":{"start":{"line":139,"column":149},"end":{"line":139,"column":268}},"line":139},"14":{"name":"(anonymous_14)","decl":{"start":{"line":139,"column":220},"end":{"line":139,"column":221}},"loc":{"start":{"line":139,"column":236},"end":{"line":139,"column":264}},"line":139}},"branchMap":{"0":{"loc":{"start":{"line":118,"column":28},"end":{"line":120,"column":88}},"type":"binary-expr","locations":[{"start":{"line":118,"column":28},"end":{"line":118,"column":68}},{"start":{"line":119,"column":0},"end":{"line":119,"column":36}},{"start":{"line":120,"column":0},"end":{"line":120,"column":88}}],"line":118},"1":{"loc":{"start":{"line":120,"column":111},"end":{"line":128,"column":36}},"type":"if","locations":[{"start":{"line":120,"column":111},"end":{"line":128,"column":36}},{"start":{"line":120,"column":111},"end":{"line":128,"column":36}}],"line":120},"2":{"loc":{"start":{"line":120,"column":115},"end":{"line":120,"column":184}},"type":"binary-expr","locations":[{"start":{"line":120,"column":115},"end":{"line":120,"column":152}},{"start":{"line":120,"column":156},"end":{"line":120,"column":184}}],"line":120},"3":{"loc":{"start":{"line":121,"column":71},"end":{"line":124,"column":14}},"type":"if","locations":[{"start":{"line":121,"column":71},"end":{"line":124,"column":14}},{"start":{"line":121,"column":71},"end":{"line":124,"column":14}}],"line":121},"4":{"loc":{"start":{"line":124,"column":113},"end":{"line":128,"column":32}},"type":"if","locations":[{"start":{"line":124,"column":113},"end":{"line":128,"column":32}},{"start":{"line":124,"column":113},"end":{"line":128,"column":32}}],"line":124},"5":{"loc":{"start":{"line":128,"column":257},"end":{"line":135,"column":64}},"type":"if","locations":[{"start":{"line":128,"column":257},"end":{"line":135,"column":64}},{"start":{"line":128,"column":257},"end":{"line":135,"column":64}}],"line":128},"6":{"loc":{"start":{"line":128,"column":302},"end":{"line":135,"column":63}},"type":"if","locations":[{"start":{"line":128,"column":302},"end":{"line":135,"column":63}},{"start":{"line":128,"column":302},"end":{"line":135,"column":63}}],"line":128},"7":{"loc":{"start":{"line":137,"column":4},"end":{"line":139,"column":30}},"type":"if","locations":[{"start":{"line":137,"column":4},"end":{"line":139,"column":30}},{"start":{"line":137,"column":4},"end":{"line":139,"column":30}}],"line":137},"8":{"loc":{"start":{"line":137,"column":8},"end":{"line":137,"column":100}},"type":"binary-expr","locations":[{"start":{"line":137,"column":8},"end":{"line":137,"column":31}},{"start":{"line":137,"column":35},"end":{"line":137,"column":100}}],"line":137},"9":{"loc":{"start":{"line":139,"column":150},"end":{"line":139,"column":267}},"type":"if","locations":[{"start":{"line":139,"column":150},"end":{"line":139,"column":267}},{"start":{"line":139,"column":150},"end":{"line":139,"column":267}}],"line":139}},"s":{"0":0,"1":0,"2":0,"3":0,"4":0,"5":0,"6":0,"7":0,"8":0,"9":0,"10":0,"11":0,"12":0,"13":0,"14":0,"15":0,"16":0,"17":0,"18":0,"19":0,"20":0,"21":0,"22":0,"23":0,"24":0,"25":0,"26":0,"27":0,"28":0,"29":0,"30":0,"31":0,"32":0,"33":0},"f":{"0":0,"1":0,"2":0,"3":0,"4":0,"5":0,"6":0,"7":0,"8":0,"9":0,"10":0,"11":0,"12":0,"13":0,"14":0},"b":{"0":[0,0,0],"1":[0,0],"2":[0,0],"3":[0,0],"4":[0,0],"5":[0,0],"6":[0,0],"7":[0,0],"8":[0,0],"9":[0,0]}}}}