{"numFailedTestSuites":1,"numFailedTests":4,"numPassedTestSuites":6,"numPassedTests":11,"numPendingTestSuites":0,"numPendingTests":0,"numRuntimeErrorTestSuites":0,"numTotalTestSuites":7,"numTotalTests":15,"snapshot":{"added":0,"didUpdate":false,"failure":false,"filesAdded":0,"filesRemoved":0,"filesUnmatched":0,"filesUpdated":0,"matched":0,"total":0,"unchecked":0,"unmatched":0,"updated":0},"startTime":1519518095951,"success":false,"testResults":[{"console":[{"message":"The above error occurred in the <Connect(App)> component:\n    in Connect(App) (at App.test.js:12)\n\nConsider adding an error boundary to your tree to customize error handling behavior.\nVisit https://fb.me/react-error-boundaries to learn more about error boundaries.","origin":"/home/adam/cs4098/client/event-sys-gui/node_modules/react-dom/cjs/react-dom.development.js:9747","type":"error"},{"message":"The above error occurred in the <Connect(App)> component:\n    in Connect(App) (created by WrapperComponent)\n    in WrapperComponent\n\nConsider adding an error boundary to your tree to customize error handling behavior.\nVisit https://fb.me/react-error-boundaries to learn more about error boundaries.","origin":"/home/adam/cs4098/client/event-sys-gui/node_modules/react-dom/cjs/react-dom.development.js:9747","type":"error"},{"message":"The above error occurred in the <Connect(App)> component:\n    in Connect(App) (created by WrapperComponent)\n    in WrapperComponent\n\nConsider adding an error boundary to your tree to customize error handling behavior.\nVisit https://fb.me/react-error-boundaries to learn more about error boundaries.","origin":"/home/adam/cs4098/client/event-sys-gui/node_modules/react-dom/cjs/react-dom.development.js:9747","type":"error"}],"failureMessage":"\u001b[1m\u001b[31m  \u001b[1m● \u001b[1mRenders App Without Crashing\u001b[39m\u001b[22m\n\n    Invariant Violation: Could not find \"store\" in either the context or props of \"Connect(App)\". Either wrap the root component in a <Provider>, or explicitly pass \"store\" as a prop to \"Connect(App)\".\n\u001b[2m      \n      \u001b[2mat invariant (\u001b[2m\u001b[0m\u001b[36mnode_modules/invariant/invariant.js\u001b[39m\u001b[0m\u001b[2m:42:15)\u001b[2m\n      \u001b[2mat new Connect (\u001b[2m\u001b[0m\u001b[36mnode_modules/react-redux/lib/components/connectAdvanced.js\u001b[39m\u001b[0m\u001b[2m:134:33)\u001b[2m\n      \u001b[2mat constructClassInstance (\u001b[2m\u001b[0m\u001b[36mnode_modules/react-dom/cjs/react-dom.development.js\u001b[39m\u001b[0m\u001b[2m:6355:20)\u001b[2m\n      \u001b[2mat updateClassComponent (\u001b[2m\u001b[0m\u001b[36mnode_modules/react-dom/cjs/react-dom.development.js\u001b[39m\u001b[0m\u001b[2m:7839:9)\u001b[2m\n      \u001b[2mat beginWork (\u001b[2m\u001b[0m\u001b[36mnode_modules/react-dom/cjs/react-dom.development.js\u001b[39m\u001b[0m\u001b[2m:8225:16)\u001b[2m\n      \u001b[2mat performUnitOfWork (\u001b[2m\u001b[0m\u001b[36mnode_modules/react-dom/cjs/react-dom.development.js\u001b[39m\u001b[0m\u001b[2m:10224:16)\u001b[2m\n      \u001b[2mat workLoop (\u001b[2m\u001b[0m\u001b[36mnode_modules/react-dom/cjs/react-dom.development.js\u001b[39m\u001b[0m\u001b[2m:10288:26)\u001b[2m\n      \u001b[2mat HTMLUnknownElement.callCallback (\u001b[2m\u001b[0m\u001b[36mnode_modules/react-dom/cjs/react-dom.development.js\u001b[39m\u001b[0m\u001b[2m:542:14)\u001b[2m\n      \u001b[2mat invokeEventListeners (\u001b[2m\u001b[0m\u001b[36mnode_modules/jsdom/lib/jsdom/living/events/EventTarget-impl.js\u001b[39m\u001b[0m\u001b[2m:219:27)\u001b[2m\n      \u001b[2mat HTMLUnknownElementImpl._dispatch (\u001b[2m\u001b[0m\u001b[36mnode_modules/jsdom/lib/jsdom/living/events/EventTarget-impl.js\u001b[39m\u001b[0m\u001b[2m:126:9)\u001b[2m\n      \u001b[2mat HTMLUnknownElementImpl.dispatchEvent (\u001b[2m\u001b[0m\u001b[36mnode_modules/jsdom/lib/jsdom/living/events/EventTarget-impl.js\u001b[39m\u001b[0m\u001b[2m:87:17)\u001b[2m\n      \u001b[2mat HTMLUnknownElementImpl.dispatchEvent (\u001b[2m\u001b[0m\u001b[36mnode_modules/jsdom/lib/jsdom/living/nodes/HTMLElement-impl.js\u001b[39m\u001b[0m\u001b[2m:36:27)\u001b[2m\n      \u001b[2mat HTMLUnknownElement.dispatchEvent (\u001b[2m\u001b[0m\u001b[36mnode_modules/jsdom/lib/jsdom/living/generated/EventTarget.js\u001b[39m\u001b[0m\u001b[2m:61:35)\u001b[2m\n      \u001b[2mat Object.invokeGuardedCallbackDev (\u001b[2m\u001b[0m\u001b[36mnode_modules/react-dom/cjs/react-dom.development.js\u001b[39m\u001b[0m\u001b[2m:581:16)\u001b[2m\n      \u001b[2mat invokeGuardedCallback (\u001b[2m\u001b[0m\u001b[36mnode_modules/react-dom/cjs/react-dom.development.js\u001b[39m\u001b[0m\u001b[2m:438:27)\u001b[2m\n      \u001b[2mat renderRoot (\u001b[2m\u001b[0m\u001b[36mnode_modules/react-dom/cjs/react-dom.development.js\u001b[39m\u001b[0m\u001b[2m:10366:7)\u001b[2m\n      \u001b[2mat performWorkOnRoot (\u001b[2m\u001b[0m\u001b[36mnode_modules/react-dom/cjs/react-dom.development.js\u001b[39m\u001b[0m\u001b[2m:11014:24)\u001b[2m\n      \u001b[2mat performWork (\u001b[2m\u001b[0m\u001b[36mnode_modules/react-dom/cjs/react-dom.development.js\u001b[39m\u001b[0m\u001b[2m:10967:7)\u001b[2m\n      \u001b[2mat requestWork (\u001b[2m\u001b[0m\u001b[36mnode_modules/react-dom/cjs/react-dom.development.js\u001b[39m\u001b[0m\u001b[2m:10878:7)\u001b[2m\n      \u001b[2mat scheduleWorkImpl (\u001b[2m\u001b[0m\u001b[36mnode_modules/react-dom/cjs/react-dom.development.js\u001b[39m\u001b[0m\u001b[2m:10732:11)\u001b[2m\n      \u001b[2mat scheduleWork (\u001b[2m\u001b[0m\u001b[36mnode_modules/react-dom/cjs/react-dom.development.js\u001b[39m\u001b[0m\u001b[2m:10689:12)\u001b[2m\n      \u001b[2mat scheduleTopLevelUpdate (\u001b[2m\u001b[0m\u001b[36mnode_modules/react-dom/cjs/react-dom.development.js\u001b[39m\u001b[0m\u001b[2m:11193:5)\u001b[2m\n      \u001b[2mat Object.updateContainer (\u001b[2m\u001b[0m\u001b[36mnode_modules/react-dom/cjs/react-dom.development.js\u001b[39m\u001b[0m\u001b[2m:11231:7)\u001b[2m\n      \u001b[2mat \u001b[2m\u001b[0m\u001b[36mnode_modules/react-dom/cjs/react-dom.development.js\u001b[39m\u001b[0m\u001b[2m:15226:19\u001b[2m\n      \u001b[2mat Object.unbatchedUpdates (\u001b[2m\u001b[0m\u001b[36mnode_modules/react-dom/cjs/react-dom.development.js\u001b[39m\u001b[0m\u001b[2m:11102:12)\u001b[2m\n      \u001b[2mat renderSubtreeIntoContainer (\u001b[2m\u001b[0m\u001b[36mnode_modules/react-dom/cjs/react-dom.development.js\u001b[39m\u001b[0m\u001b[2m:15225:17)\u001b[2m\n      \u001b[2mat Object.render (\u001b[2m\u001b[0m\u001b[36mnode_modules/react-dom/cjs/react-dom.development.js\u001b[39m\u001b[0m\u001b[2m:15290:12)\u001b[2m\n      \u001b[2mat Object.<anonymous>.it (\u001b[2m\u001b[0m\u001b[36msrc/App.test.js\u001b[39m\u001b[0m\u001b[2m:12:22)\u001b[2m\n          at new Promise (<anonymous>)\n      \u001b[2mat Promise.resolve.then.el (\u001b[2m\u001b[0m\u001b[36mnode_modules/p-map/index.js\u001b[39m\u001b[0m\u001b[2m:46:16)\u001b[2m\n          at <anonymous>\u001b[22m\n\n\u001b[1m\u001b[31m  \u001b[1m● \u001b[1mLoads Test View\u001b[39m\u001b[22m\n\n    Invariant Violation: Could not find \"store\" in either the context or props of \"Connect(App)\". Either wrap the root component in a <Provider>, or explicitly pass \"store\" as a prop to \"Connect(App)\".\n\u001b[2m      \n      \u001b[2mat invariant (\u001b[2m\u001b[0m\u001b[36mnode_modules/invariant/invariant.js\u001b[39m\u001b[0m\u001b[2m:42:15)\u001b[2m\n      \u001b[2mat new Connect (\u001b[2m\u001b[0m\u001b[36mnode_modules/react-redux/lib/components/connectAdvanced.js\u001b[39m\u001b[0m\u001b[2m:134:33)\u001b[2m\n      \u001b[2mat constructClassInstance (\u001b[2m\u001b[0m\u001b[36mnode_modules/react-dom/cjs/react-dom.development.js\u001b[39m\u001b[0m\u001b[2m:6355:20)\u001b[2m\n      \u001b[2mat updateClassComponent (\u001b[2m\u001b[0m\u001b[36mnode_modules/react-dom/cjs/react-dom.development.js\u001b[39m\u001b[0m\u001b[2m:7839:9)\u001b[2m\n      \u001b[2mat beginWork (\u001b[2m\u001b[0m\u001b[36mnode_modules/react-dom/cjs/react-dom.development.js\u001b[39m\u001b[0m\u001b[2m:8225:16)\u001b[2m\n      \u001b[2mat performUnitOfWork (\u001b[2m\u001b[0m\u001b[36mnode_modules/react-dom/cjs/react-dom.development.js\u001b[39m\u001b[0m\u001b[2m:10224:16)\u001b[2m\n      \u001b[2mat workLoop (\u001b[2m\u001b[0m\u001b[36mnode_modules/react-dom/cjs/react-dom.development.js\u001b[39m\u001b[0m\u001b[2m:10288:26)\u001b[2m\n      \u001b[2mat HTMLUnknownElement.callCallback (\u001b[2m\u001b[0m\u001b[36mnode_modules/react-dom/cjs/react-dom.development.js\u001b[39m\u001b[0m\u001b[2m:542:14)\u001b[2m\n      \u001b[2mat invokeEventListeners (\u001b[2m\u001b[0m\u001b[36mnode_modules/jsdom/lib/jsdom/living/events/EventTarget-impl.js\u001b[39m\u001b[0m\u001b[2m:219:27)\u001b[2m\n      \u001b[2mat HTMLUnknownElementImpl._dispatch (\u001b[2m\u001b[0m\u001b[36mnode_modules/jsdom/lib/jsdom/living/events/EventTarget-impl.js\u001b[39m\u001b[0m\u001b[2m:126:9)\u001b[2m\n      \u001b[2mat HTMLUnknownElementImpl.dispatchEvent (\u001b[2m\u001b[0m\u001b[36mnode_modules/jsdom/lib/jsdom/living/events/EventTarget-impl.js\u001b[39m\u001b[0m\u001b[2m:87:17)\u001b[2m\n      \u001b[2mat HTMLUnknownElementImpl.dispatchEvent (\u001b[2m\u001b[0m\u001b[36mnode_modules/jsdom/lib/jsdom/living/nodes/HTMLElement-impl.js\u001b[39m\u001b[0m\u001b[2m:36:27)\u001b[2m\n      \u001b[2mat HTMLUnknownElement.dispatchEvent (\u001b[2m\u001b[0m\u001b[36mnode_modules/jsdom/lib/jsdom/living/generated/EventTarget.js\u001b[39m\u001b[0m\u001b[2m:61:35)\u001b[2m\n      \u001b[2mat Object.invokeGuardedCallbackDev (\u001b[2m\u001b[0m\u001b[36mnode_modules/react-dom/cjs/react-dom.development.js\u001b[39m\u001b[0m\u001b[2m:581:16)\u001b[2m\n      \u001b[2mat invokeGuardedCallback (\u001b[2m\u001b[0m\u001b[36mnode_modules/react-dom/cjs/react-dom.development.js\u001b[39m\u001b[0m\u001b[2m:438:27)\u001b[2m\n      \u001b[2mat renderRoot (\u001b[2m\u001b[0m\u001b[36mnode_modules/react-dom/cjs/react-dom.development.js\u001b[39m\u001b[0m\u001b[2m:10366:7)\u001b[2m\n      \u001b[2mat performWorkOnRoot (\u001b[2m\u001b[0m\u001b[36mnode_modules/react-dom/cjs/react-dom.development.js\u001b[39m\u001b[0m\u001b[2m:11014:24)\u001b[2m\n      \u001b[2mat performWork (\u001b[2m\u001b[0m\u001b[36mnode_modules/react-dom/cjs/react-dom.development.js\u001b[39m\u001b[0m\u001b[2m:10967:7)\u001b[2m\n      \u001b[2mat requestWork (\u001b[2m\u001b[0m\u001b[36mnode_modules/react-dom/cjs/react-dom.development.js\u001b[39m\u001b[0m\u001b[2m:10878:7)\u001b[2m\n      \u001b[2mat scheduleWorkImpl (\u001b[2m\u001b[0m\u001b[36mnode_modules/react-dom/cjs/react-dom.development.js\u001b[39m\u001b[0m\u001b[2m:10732:11)\u001b[2m\n      \u001b[2mat scheduleWork (\u001b[2m\u001b[0m\u001b[36mnode_modules/react-dom/cjs/react-dom.development.js\u001b[39m\u001b[0m\u001b[2m:10689:12)\u001b[2m\n      \u001b[2mat scheduleTopLevelUpdate (\u001b[2m\u001b[0m\u001b[36mnode_modules/react-dom/cjs/react-dom.development.js\u001b[39m\u001b[0m\u001b[2m:11193:5)\u001b[2m\n      \u001b[2mat Object.updateContainer (\u001b[2m\u001b[0m\u001b[36mnode_modules/react-dom/cjs/react-dom.development.js\u001b[39m\u001b[0m\u001b[2m:11231:7)\u001b[2m\n      \u001b[2mat \u001b[2m\u001b[0m\u001b[36mnode_modules/react-dom/cjs/react-dom.development.js\u001b[39m\u001b[0m\u001b[2m:15226:19\u001b[2m\n      \u001b[2mat Object.unbatchedUpdates (\u001b[2m\u001b[0m\u001b[36mnode_modules/react-dom/cjs/react-dom.development.js\u001b[39m\u001b[0m\u001b[2m:11102:12)\u001b[2m\n      \u001b[2mat renderSubtreeIntoContainer (\u001b[2m\u001b[0m\u001b[36mnode_modules/react-dom/cjs/react-dom.development.js\u001b[39m\u001b[0m\u001b[2m:15225:17)\u001b[2m\n      \u001b[2mat Object.render (\u001b[2m\u001b[0m\u001b[36mnode_modules/react-dom/cjs/react-dom.development.js\u001b[39m\u001b[0m\u001b[2m:15290:12)\u001b[2m\n      \u001b[2mat Object.render (\u001b[2m\u001b[0m\u001b[36mnode_modules/enzyme-adapter-react-16/build/ReactSixteenAdapter.js\u001b[39m\u001b[0m\u001b[2m:218:50)\u001b[2m\n      \u001b[2mat new ReactWrapper (\u001b[2m\u001b[0m\u001b[36mnode_modules/enzyme/build/ReactWrapper.js\u001b[39m\u001b[0m\u001b[2m:98:16)\u001b[2m\n      \u001b[2mat mount (\u001b[2m\u001b[0m\u001b[36mnode_modules/enzyme/build/mount.js\u001b[39m\u001b[0m\u001b[2m:19:10)\u001b[2m\n      \u001b[2mat Object.<anonymous>.it (\u001b[2m\u001b[0m\u001b[36msrc/App.test.js\u001b[39m\u001b[0m\u001b[2m:18:37)\u001b[2m\n          at new Promise (<anonymous>)\n      \u001b[2mat Promise.resolve.then.el (\u001b[2m\u001b[0m\u001b[36mnode_modules/p-map/index.js\u001b[39m\u001b[0m\u001b[2m:46:16)\u001b[2m\n          at <anonymous>\u001b[22m\n\n\u001b[1m\u001b[31m  \u001b[1m● \u001b[1mTest View Hidden\u001b[39m\u001b[22m\n\n    Invariant Violation: Could not find \"store\" in either the context or props of \"Connect(App)\". Either wrap the root component in a <Provider>, or explicitly pass \"store\" as a prop to \"Connect(App)\".\n\u001b[2m      \n      \u001b[2mat invariant (\u001b[2m\u001b[0m\u001b[36mnode_modules/invariant/invariant.js\u001b[39m\u001b[0m\u001b[2m:42:15)\u001b[2m\n      \u001b[2mat new Connect (\u001b[2m\u001b[0m\u001b[36mnode_modules/react-redux/lib/components/connectAdvanced.js\u001b[39m\u001b[0m\u001b[2m:134:33)\u001b[2m\n      \u001b[2mat constructClassInstance (\u001b[2m\u001b[0m\u001b[36mnode_modules/react-dom/cjs/react-dom.development.js\u001b[39m\u001b[0m\u001b[2m:6355:20)\u001b[2m\n      \u001b[2mat updateClassComponent (\u001b[2m\u001b[0m\u001b[36mnode_modules/react-dom/cjs/react-dom.development.js\u001b[39m\u001b[0m\u001b[2m:7839:9)\u001b[2m\n      \u001b[2mat beginWork (\u001b[2m\u001b[0m\u001b[36mnode_modules/react-dom/cjs/react-dom.development.js\u001b[39m\u001b[0m\u001b[2m:8225:16)\u001b[2m\n      \u001b[2mat performUnitOfWork (\u001b[2m\u001b[0m\u001b[36mnode_modules/react-dom/cjs/react-dom.development.js\u001b[39m\u001b[0m\u001b[2m:10224:16)\u001b[2m\n      \u001b[2mat workLoop (\u001b[2m\u001b[0m\u001b[36mnode_modules/react-dom/cjs/react-dom.development.js\u001b[39m\u001b[0m\u001b[2m:10288:26)\u001b[2m\n      \u001b[2mat HTMLUnknownElement.callCallback (\u001b[2m\u001b[0m\u001b[36mnode_modules/react-dom/cjs/react-dom.development.js\u001b[39m\u001b[0m\u001b[2m:542:14)\u001b[2m\n      \u001b[2mat invokeEventListeners (\u001b[2m\u001b[0m\u001b[36mnode_modules/jsdom/lib/jsdom/living/events/EventTarget-impl.js\u001b[39m\u001b[0m\u001b[2m:219:27)\u001b[2m\n      \u001b[2mat HTMLUnknownElementImpl._dispatch (\u001b[2m\u001b[0m\u001b[36mnode_modules/jsdom/lib/jsdom/living/events/EventTarget-impl.js\u001b[39m\u001b[0m\u001b[2m:126:9)\u001b[2m\n      \u001b[2mat HTMLUnknownElementImpl.dispatchEvent (\u001b[2m\u001b[0m\u001b[36mnode_modules/jsdom/lib/jsdom/living/events/EventTarget-impl.js\u001b[39m\u001b[0m\u001b[2m:87:17)\u001b[2m\n      \u001b[2mat HTMLUnknownElementImpl.dispatchEvent (\u001b[2m\u001b[0m\u001b[36mnode_modules/jsdom/lib/jsdom/living/nodes/HTMLElement-impl.js\u001b[39m\u001b[0m\u001b[2m:36:27)\u001b[2m\n      \u001b[2mat HTMLUnknownElement.dispatchEvent (\u001b[2m\u001b[0m\u001b[36mnode_modules/jsdom/lib/jsdom/living/generated/EventTarget.js\u001b[39m\u001b[0m\u001b[2m:61:35)\u001b[2m\n      \u001b[2mat Object.invokeGuardedCallbackDev (\u001b[2m\u001b[0m\u001b[36mnode_modules/react-dom/cjs/react-dom.development.js\u001b[39m\u001b[0m\u001b[2m:581:16)\u001b[2m\n      \u001b[2mat invokeGuardedCallback (\u001b[2m\u001b[0m\u001b[36mnode_modules/react-dom/cjs/react-dom.development.js\u001b[39m\u001b[0m\u001b[2m:438:27)\u001b[2m\n      \u001b[2mat renderRoot (\u001b[2m\u001b[0m\u001b[36mnode_modules/react-dom/cjs/react-dom.development.js\u001b[39m\u001b[0m\u001b[2m:10366:7)\u001b[2m\n      \u001b[2mat performWorkOnRoot (\u001b[2m\u001b[0m\u001b[36mnode_modules/react-dom/cjs/react-dom.development.js\u001b[39m\u001b[0m\u001b[2m:11014:24)\u001b[2m\n      \u001b[2mat performWork (\u001b[2m\u001b[0m\u001b[36mnode_modules/react-dom/cjs/react-dom.development.js\u001b[39m\u001b[0m\u001b[2m:10967:7)\u001b[2m\n      \u001b[2mat requestWork (\u001b[2m\u001b[0m\u001b[36mnode_modules/react-dom/cjs/react-dom.development.js\u001b[39m\u001b[0m\u001b[2m:10878:7)\u001b[2m\n      \u001b[2mat scheduleWorkImpl (\u001b[2m\u001b[0m\u001b[36mnode_modules/react-dom/cjs/react-dom.development.js\u001b[39m\u001b[0m\u001b[2m:10732:11)\u001b[2m\n      \u001b[2mat scheduleWork (\u001b[2m\u001b[0m\u001b[36mnode_modules/react-dom/cjs/react-dom.development.js\u001b[39m\u001b[0m\u001b[2m:10689:12)\u001b[2m\n      \u001b[2mat scheduleTopLevelUpdate (\u001b[2m\u001b[0m\u001b[36mnode_modules/react-dom/cjs/react-dom.development.js\u001b[39m\u001b[0m\u001b[2m:11193:5)\u001b[2m\n      \u001b[2mat Object.updateContainer (\u001b[2m\u001b[0m\u001b[36mnode_modules/react-dom/cjs/react-dom.development.js\u001b[39m\u001b[0m\u001b[2m:11231:7)\u001b[2m\n      \u001b[2mat \u001b[2m\u001b[0m\u001b[36mnode_modules/react-dom/cjs/react-dom.development.js\u001b[39m\u001b[0m\u001b[2m:15226:19\u001b[2m\n      \u001b[2mat Object.unbatchedUpdates (\u001b[2m\u001b[0m\u001b[36mnode_modules/react-dom/cjs/react-dom.development.js\u001b[39m\u001b[0m\u001b[2m:11102:12)\u001b[2m\n      \u001b[2mat renderSubtreeIntoContainer (\u001b[2m\u001b[0m\u001b[36mnode_modules/react-dom/cjs/react-dom.development.js\u001b[39m\u001b[0m\u001b[2m:15225:17)\u001b[2m\n      \u001b[2mat Object.render (\u001b[2m\u001b[0m\u001b[36mnode_modules/react-dom/cjs/react-dom.development.js\u001b[39m\u001b[0m\u001b[2m:15290:12)\u001b[2m\n      \u001b[2mat Object.render (\u001b[2m\u001b[0m\u001b[36mnode_modules/enzyme-adapter-react-16/build/ReactSixteenAdapter.js\u001b[39m\u001b[0m\u001b[2m:218:50)\u001b[2m\n      \u001b[2mat new ReactWrapper (\u001b[2m\u001b[0m\u001b[36mnode_modules/enzyme/build/ReactWrapper.js\u001b[39m\u001b[0m\u001b[2m:98:16)\u001b[2m\n      \u001b[2mat mount (\u001b[2m\u001b[0m\u001b[36mnode_modules/enzyme/build/mount.js\u001b[39m\u001b[0m\u001b[2m:19:10)\u001b[2m\n      \u001b[2mat Object.<anonymous>.it (\u001b[2m\u001b[0m\u001b[36msrc/App.test.js\u001b[39m\u001b[0m\u001b[2m:24:37)\u001b[2m\n          at new Promise (<anonymous>)\n      \u001b[2mat Promise.resolve.then.el (\u001b[2m\u001b[0m\u001b[36mnode_modules/p-map/index.js\u001b[39m\u001b[0m\u001b[2m:46:16)\u001b[2m\n          at <anonymous>\u001b[22m\n\n\u001b[1m\u001b[31m  \u001b[1m● \u001b[1mIs Complete\u001b[39m\u001b[22m\n\n    \u001b[2mexpect(\u001b[22m\u001b[31mreceived\u001b[39m\u001b[2m).toBe(\u001b[22m\u001b[32mexpected\u001b[39m\u001b[2m)\u001b[22m\n    \n    Expected value to be (using ===):\n      \u001b[32mtrue\u001b[39m\n    Received:\n      \u001b[31mfalse\u001b[39m\n\u001b[2m      \n      \u001b[2mat Object.<anonymous>.it (\u001b[2m\u001b[0m\u001b[36msrc/App.test.js\u001b[39m\u001b[0m\u001b[2m:30:17)\u001b[2m\n          at new Promise (<anonymous>)\n      \u001b[2mat Promise.resolve.then.el (\u001b[2m\u001b[0m\u001b[36mnode_modules/p-map/index.js\u001b[39m\u001b[0m\u001b[2m:46:16)\u001b[2m\n          at <anonymous>\u001b[22m\n","numFailingTests":4,"numPassingTests":0,"numPendingTests":0,"perfStats":{"end":1519518102698,"start":1519518096745},"snapshot":{"added":0,"fileDeleted":false,"matched":0,"unchecked":0,"unmatched":0,"updated":0},"testFilePath":"/home/adam/cs4098/client/event-sys-gui/src/App.test.js","testResults":[{"ancestorTitles":[],"duration":17,"failureMessages":["Invariant Violation: Could not find \"store\" in either the context or props of \"Connect(App)\". Either wrap the root component in a <Provider>, or explicitly pass \"store\" as a prop to \"Connect(App)\".\n    at invariant (/home/adam/cs4098/client/event-sys-gui/node_modules/invariant/invariant.js:42:15)\n    at new Connect (/home/adam/cs4098/client/event-sys-gui/node_modules/react-redux/lib/components/connectAdvanced.js:134:33)\n    at constructClassInstance (/home/adam/cs4098/client/event-sys-gui/node_modules/react-dom/cjs/react-dom.development.js:6355:20)\n    at updateClassComponent (/home/adam/cs4098/client/event-sys-gui/node_modules/react-dom/cjs/react-dom.development.js:7839:9)\n    at beginWork (/home/adam/cs4098/client/event-sys-gui/node_modules/react-dom/cjs/react-dom.development.js:8225:16)\n    at performUnitOfWork (/home/adam/cs4098/client/event-sys-gui/node_modules/react-dom/cjs/react-dom.development.js:10224:16)\n    at workLoop (/home/adam/cs4098/client/event-sys-gui/node_modules/react-dom/cjs/react-dom.development.js:10288:26)\n    at HTMLUnknownElement.callCallback (/home/adam/cs4098/client/event-sys-gui/node_modules/react-dom/cjs/react-dom.development.js:542:14)\n    at invokeEventListeners (/home/adam/cs4098/client/event-sys-gui/node_modules/jsdom/lib/jsdom/living/events/EventTarget-impl.js:219:27)\n    at HTMLUnknownElementImpl._dispatch (/home/adam/cs4098/client/event-sys-gui/node_modules/jsdom/lib/jsdom/living/events/EventTarget-impl.js:126:9)\n    at HTMLUnknownElementImpl.dispatchEvent (/home/adam/cs4098/client/event-sys-gui/node_modules/jsdom/lib/jsdom/living/events/EventTarget-impl.js:87:17)\n    at HTMLUnknownElementImpl.dispatchEvent (/home/adam/cs4098/client/event-sys-gui/node_modules/jsdom/lib/jsdom/living/nodes/HTMLElement-impl.js:36:27)\n    at HTMLUnknownElement.dispatchEvent (/home/adam/cs4098/client/event-sys-gui/node_modules/jsdom/lib/jsdom/living/generated/EventTarget.js:61:35)\n    at Object.invokeGuardedCallbackDev (/home/adam/cs4098/client/event-sys-gui/node_modules/react-dom/cjs/react-dom.development.js:581:16)\n    at invokeGuardedCallback (/home/adam/cs4098/client/event-sys-gui/node_modules/react-dom/cjs/react-dom.development.js:438:27)\n    at renderRoot (/home/adam/cs4098/client/event-sys-gui/node_modules/react-dom/cjs/react-dom.development.js:10366:7)\n    at performWorkOnRoot (/home/adam/cs4098/client/event-sys-gui/node_modules/react-dom/cjs/react-dom.development.js:11014:24)\n    at performWork (/home/adam/cs4098/client/event-sys-gui/node_modules/react-dom/cjs/react-dom.development.js:10967:7)\n    at requestWork (/home/adam/cs4098/client/event-sys-gui/node_modules/react-dom/cjs/react-dom.development.js:10878:7)\n    at scheduleWorkImpl (/home/adam/cs4098/client/event-sys-gui/node_modules/react-dom/cjs/react-dom.development.js:10732:11)\n    at scheduleWork (/home/adam/cs4098/client/event-sys-gui/node_modules/react-dom/cjs/react-dom.development.js:10689:12)\n    at scheduleTopLevelUpdate (/home/adam/cs4098/client/event-sys-gui/node_modules/react-dom/cjs/react-dom.development.js:11193:5)\n    at Object.updateContainer (/home/adam/cs4098/client/event-sys-gui/node_modules/react-dom/cjs/react-dom.development.js:11231:7)\n    at /home/adam/cs4098/client/event-sys-gui/node_modules/react-dom/cjs/react-dom.development.js:15226:19\n    at Object.unbatchedUpdates (/home/adam/cs4098/client/event-sys-gui/node_modules/react-dom/cjs/react-dom.development.js:11102:12)\n    at renderSubtreeIntoContainer (/home/adam/cs4098/client/event-sys-gui/node_modules/react-dom/cjs/react-dom.development.js:15225:17)\n    at Object.render (/home/adam/cs4098/client/event-sys-gui/node_modules/react-dom/cjs/react-dom.development.js:15290:12)\n    at Object.<anonymous>.it (/home/adam/cs4098/client/event-sys-gui/src/App.test.js:12:22)\n    at Object.asyncFn (/home/adam/cs4098/client/event-sys-gui/node_modules/jest-jasmine2/build/jasmine-async.js:68:30)\n    at resolve (/home/adam/cs4098/client/event-sys-gui/node_modules/jest-jasmine2/build/queueRunner.js:38:12)\n    at new Promise (<anonymous>)\n    at mapper (/home/adam/cs4098/client/event-sys-gui/node_modules/jest-jasmine2/build/queueRunner.js:31:21)\n    at Promise.resolve.then.el (/home/adam/cs4098/client/event-sys-gui/node_modules/p-map/index.js:46:16)\n    at <anonymous>"],"fullName":"Renders App Without Crashing","numPassingAsserts":0,"status":"failed","title":"Renders App Without Crashing"},{"ancestorTitles":[],"duration":3,"failureMessages":["Invariant Violation: Could not find \"store\" in either the context or props of \"Connect(App)\". Either wrap the root component in a <Provider>, or explicitly pass \"store\" as a prop to \"Connect(App)\".\n    at invariant (/home/adam/cs4098/client/event-sys-gui/node_modules/invariant/invariant.js:42:15)\n    at new Connect (/home/adam/cs4098/client/event-sys-gui/node_modules/react-redux/lib/components/connectAdvanced.js:134:33)\n    at constructClassInstance (/home/adam/cs4098/client/event-sys-gui/node_modules/react-dom/cjs/react-dom.development.js:6355:20)\n    at updateClassComponent (/home/adam/cs4098/client/event-sys-gui/node_modules/react-dom/cjs/react-dom.development.js:7839:9)\n    at beginWork (/home/adam/cs4098/client/event-sys-gui/node_modules/react-dom/cjs/react-dom.development.js:8225:16)\n    at performUnitOfWork (/home/adam/cs4098/client/event-sys-gui/node_modules/react-dom/cjs/react-dom.development.js:10224:16)\n    at workLoop (/home/adam/cs4098/client/event-sys-gui/node_modules/react-dom/cjs/react-dom.development.js:10288:26)\n    at HTMLUnknownElement.callCallback (/home/adam/cs4098/client/event-sys-gui/node_modules/react-dom/cjs/react-dom.development.js:542:14)\n    at invokeEventListeners (/home/adam/cs4098/client/event-sys-gui/node_modules/jsdom/lib/jsdom/living/events/EventTarget-impl.js:219:27)\n    at HTMLUnknownElementImpl._dispatch (/home/adam/cs4098/client/event-sys-gui/node_modules/jsdom/lib/jsdom/living/events/EventTarget-impl.js:126:9)\n    at HTMLUnknownElementImpl.dispatchEvent (/home/adam/cs4098/client/event-sys-gui/node_modules/jsdom/lib/jsdom/living/events/EventTarget-impl.js:87:17)\n    at HTMLUnknownElementImpl.dispatchEvent (/home/adam/cs4098/client/event-sys-gui/node_modules/jsdom/lib/jsdom/living/nodes/HTMLElement-impl.js:36:27)\n    at HTMLUnknownElement.dispatchEvent (/home/adam/cs4098/client/event-sys-gui/node_modules/jsdom/lib/jsdom/living/generated/EventTarget.js:61:35)\n    at Object.invokeGuardedCallbackDev (/home/adam/cs4098/client/event-sys-gui/node_modules/react-dom/cjs/react-dom.development.js:581:16)\n    at invokeGuardedCallback (/home/adam/cs4098/client/event-sys-gui/node_modules/react-dom/cjs/react-dom.development.js:438:27)\n    at renderRoot (/home/adam/cs4098/client/event-sys-gui/node_modules/react-dom/cjs/react-dom.development.js:10366:7)\n    at performWorkOnRoot (/home/adam/cs4098/client/event-sys-gui/node_modules/react-dom/cjs/react-dom.development.js:11014:24)\n    at performWork (/home/adam/cs4098/client/event-sys-gui/node_modules/react-dom/cjs/react-dom.development.js:10967:7)\n    at requestWork (/home/adam/cs4098/client/event-sys-gui/node_modules/react-dom/cjs/react-dom.development.js:10878:7)\n    at scheduleWorkImpl (/home/adam/cs4098/client/event-sys-gui/node_modules/react-dom/cjs/react-dom.development.js:10732:11)\n    at scheduleWork (/home/adam/cs4098/client/event-sys-gui/node_modules/react-dom/cjs/react-dom.development.js:10689:12)\n    at scheduleTopLevelUpdate (/home/adam/cs4098/client/event-sys-gui/node_modules/react-dom/cjs/react-dom.development.js:11193:5)\n    at Object.updateContainer (/home/adam/cs4098/client/event-sys-gui/node_modules/react-dom/cjs/react-dom.development.js:11231:7)\n    at /home/adam/cs4098/client/event-sys-gui/node_modules/react-dom/cjs/react-dom.development.js:15226:19\n    at Object.unbatchedUpdates (/home/adam/cs4098/client/event-sys-gui/node_modules/react-dom/cjs/react-dom.development.js:11102:12)\n    at renderSubtreeIntoContainer (/home/adam/cs4098/client/event-sys-gui/node_modules/react-dom/cjs/react-dom.development.js:15225:17)\n    at Object.render (/home/adam/cs4098/client/event-sys-gui/node_modules/react-dom/cjs/react-dom.development.js:15290:12)\n    at Object.render (/home/adam/cs4098/client/event-sys-gui/node_modules/enzyme-adapter-react-16/build/ReactSixteenAdapter.js:218:50)\n    at new ReactWrapper (/home/adam/cs4098/client/event-sys-gui/node_modules/enzyme/build/ReactWrapper.js:98:16)\n    at mount (/home/adam/cs4098/client/event-sys-gui/node_modules/enzyme/build/mount.js:19:10)\n    at Object.<anonymous>.it (/home/adam/cs4098/client/event-sys-gui/src/App.test.js:18:37)\n    at Object.asyncFn (/home/adam/cs4098/client/event-sys-gui/node_modules/jest-jasmine2/build/jasmine-async.js:68:30)\n    at resolve (/home/adam/cs4098/client/event-sys-gui/node_modules/jest-jasmine2/build/queueRunner.js:38:12)\n    at new Promise (<anonymous>)\n    at mapper (/home/adam/cs4098/client/event-sys-gui/node_modules/jest-jasmine2/build/queueRunner.js:31:21)\n    at Promise.resolve.then.el (/home/adam/cs4098/client/event-sys-gui/node_modules/p-map/index.js:46:16)\n    at <anonymous>"],"fullName":"Loads Test View","numPassingAsserts":0,"status":"failed","title":"Loads Test View"},{"ancestorTitles":[],"duration":1,"failureMessages":["Invariant Violation: Could not find \"store\" in either the context or props of \"Connect(App)\". Either wrap the root component in a <Provider>, or explicitly pass \"store\" as a prop to \"Connect(App)\".\n    at invariant (/home/adam/cs4098/client/event-sys-gui/node_modules/invariant/invariant.js:42:15)\n    at new Connect (/home/adam/cs4098/client/event-sys-gui/node_modules/react-redux/lib/components/connectAdvanced.js:134:33)\n    at constructClassInstance (/home/adam/cs4098/client/event-sys-gui/node_modules/react-dom/cjs/react-dom.development.js:6355:20)\n    at updateClassComponent (/home/adam/cs4098/client/event-sys-gui/node_modules/react-dom/cjs/react-dom.development.js:7839:9)\n    at beginWork (/home/adam/cs4098/client/event-sys-gui/node_modules/react-dom/cjs/react-dom.development.js:8225:16)\n    at performUnitOfWork (/home/adam/cs4098/client/event-sys-gui/node_modules/react-dom/cjs/react-dom.development.js:10224:16)\n    at workLoop (/home/adam/cs4098/client/event-sys-gui/node_modules/react-dom/cjs/react-dom.development.js:10288:26)\n    at HTMLUnknownElement.callCallback (/home/adam/cs4098/client/event-sys-gui/node_modules/react-dom/cjs/react-dom.development.js:542:14)\n    at invokeEventListeners (/home/adam/cs4098/client/event-sys-gui/node_modules/jsdom/lib/jsdom/living/events/EventTarget-impl.js:219:27)\n    at HTMLUnknownElementImpl._dispatch (/home/adam/cs4098/client/event-sys-gui/node_modules/jsdom/lib/jsdom/living/events/EventTarget-impl.js:126:9)\n    at HTMLUnknownElementImpl.dispatchEvent (/home/adam/cs4098/client/event-sys-gui/node_modules/jsdom/lib/jsdom/living/events/EventTarget-impl.js:87:17)\n    at HTMLUnknownElementImpl.dispatchEvent (/home/adam/cs4098/client/event-sys-gui/node_modules/jsdom/lib/jsdom/living/nodes/HTMLElement-impl.js:36:27)\n    at HTMLUnknownElement.dispatchEvent (/home/adam/cs4098/client/event-sys-gui/node_modules/jsdom/lib/jsdom/living/generated/EventTarget.js:61:35)\n    at Object.invokeGuardedCallbackDev (/home/adam/cs4098/client/event-sys-gui/node_modules/react-dom/cjs/react-dom.development.js:581:16)\n    at invokeGuardedCallback (/home/adam/cs4098/client/event-sys-gui/node_modules/react-dom/cjs/react-dom.development.js:438:27)\n    at renderRoot (/home/adam/cs4098/client/event-sys-gui/node_modules/react-dom/cjs/react-dom.development.js:10366:7)\n    at performWorkOnRoot (/home/adam/cs4098/client/event-sys-gui/node_modules/react-dom/cjs/react-dom.development.js:11014:24)\n    at performWork (/home/adam/cs4098/client/event-sys-gui/node_modules/react-dom/cjs/react-dom.development.js:10967:7)\n    at requestWork (/home/adam/cs4098/client/event-sys-gui/node_modules/react-dom/cjs/react-dom.development.js:10878:7)\n    at scheduleWorkImpl (/home/adam/cs4098/client/event-sys-gui/node_modules/react-dom/cjs/react-dom.development.js:10732:11)\n    at scheduleWork (/home/adam/cs4098/client/event-sys-gui/node_modules/react-dom/cjs/react-dom.development.js:10689:12)\n    at scheduleTopLevelUpdate (/home/adam/cs4098/client/event-sys-gui/node_modules/react-dom/cjs/react-dom.development.js:11193:5)\n    at Object.updateContainer (/home/adam/cs4098/client/event-sys-gui/node_modules/react-dom/cjs/react-dom.development.js:11231:7)\n    at /home/adam/cs4098/client/event-sys-gui/node_modules/react-dom/cjs/react-dom.development.js:15226:19\n    at Object.unbatchedUpdates (/home/adam/cs4098/client/event-sys-gui/node_modules/react-dom/cjs/react-dom.development.js:11102:12)\n    at renderSubtreeIntoContainer (/home/adam/cs4098/client/event-sys-gui/node_modules/react-dom/cjs/react-dom.development.js:15225:17)\n    at Object.render (/home/adam/cs4098/client/event-sys-gui/node_modules/react-dom/cjs/react-dom.development.js:15290:12)\n    at Object.render (/home/adam/cs4098/client/event-sys-gui/node_modules/enzyme-adapter-react-16/build/ReactSixteenAdapter.js:218:50)\n    at new ReactWrapper (/home/adam/cs4098/client/event-sys-gui/node_modules/enzyme/build/ReactWrapper.js:98:16)\n    at mount (/home/adam/cs4098/client/event-sys-gui/node_modules/enzyme/build/mount.js:19:10)\n    at Object.<anonymous>.it (/home/adam/cs4098/client/event-sys-gui/src/App.test.js:24:37)\n    at Object.asyncFn (/home/adam/cs4098/client/event-sys-gui/node_modules/jest-jasmine2/build/jasmine-async.js:68:30)\n    at resolve (/home/adam/cs4098/client/event-sys-gui/node_modules/jest-jasmine2/build/queueRunner.js:38:12)\n    at new Promise (<anonymous>)\n    at mapper (/home/adam/cs4098/client/event-sys-gui/node_modules/jest-jasmine2/build/queueRunner.js:31:21)\n    at Promise.resolve.then.el (/home/adam/cs4098/client/event-sys-gui/node_modules/p-map/index.js:46:16)\n    at <anonymous>"],"fullName":"Test View Hidden","numPassingAsserts":0,"status":"failed","title":"Test View Hidden"},{"ancestorTitles":[],"duration":2,"failureMessages":["Error: \u001b[2mexpect(\u001b[22m\u001b[31mreceived\u001b[39m\u001b[2m).toBe(\u001b[22m\u001b[32mexpected\u001b[39m\u001b[2m)\u001b[22m\n\nExpected value to be (using ===):\n  \u001b[32mtrue\u001b[39m\nReceived:\n  \u001b[31mfalse\u001b[39m\n    at Object.<anonymous>.it (/home/adam/cs4098/client/event-sys-gui/src/App.test.js:30:17)\n    at Object.asyncFn (/home/adam/cs4098/client/event-sys-gui/node_modules/jest-jasmine2/build/jasmine-async.js:68:30)\n    at resolve (/home/adam/cs4098/client/event-sys-gui/node_modules/jest-jasmine2/build/queueRunner.js:38:12)\n    at new Promise (<anonymous>)\n    at mapper (/home/adam/cs4098/client/event-sys-gui/node_modules/jest-jasmine2/build/queueRunner.js:31:21)\n    at Promise.resolve.then.el (/home/adam/cs4098/client/event-sys-gui/node_modules/p-map/index.js:46:16)\n    at <anonymous>"],"fullName":"Is Complete","numPassingAsserts":0,"status":"failed","title":"Is Complete"}],"sourceMaps":{},"skipped":false},{"console":[{"message":"{ name: 'Test Result', success: true }","origin":"/home/adam/cs4098/client/event-sys-gui/src/Test.js:15","type":"log"},{"message":"{ name: 'Test Result', success: true }","origin":"/home/adam/cs4098/client/event-sys-gui/src/Test.js:15","type":"log"},{"message":"{ name: 'Test Result', success: true }","origin":"/home/adam/cs4098/client/event-sys-gui/src/Test.js:15","type":"log"},{"message":"{ name: 'Test Result', success: false }","origin":"/home/adam/cs4098/client/event-sys-gui/src/Test.js:15","type":"log"},{"message":"{ name: 'Test Result', success: true }","origin":"/home/adam/cs4098/client/event-sys-gui/src/Test.js:15","type":"log"}],"failureMessage":null,"numFailingTests":0,"numPassingTests":3,"numPendingTests":0,"perfStats":{"end":1519518103295,"start":1519518102708},"snapshot":{"added":0,"fileDeleted":false,"matched":0,"unchecked":0,"unmatched":0,"updated":0},"testFilePath":"/home/adam/cs4098/client/event-sys-gui/src/Test.test.js","testResults":[{"ancestorTitles":[],"duration":10,"failureMessages":[],"fullName":"Renders Test Without Crashing","numPassingAsserts":0,"status":"passed","title":"Renders Test Without Crashing"},{"ancestorTitles":[],"duration":14,"failureMessages":[],"fullName":"Displays 1 Result","numPassingAsserts":0,"status":"passed","title":"Displays 1 Result"},{"ancestorTitles":[],"duration":5,"failureMessages":[],"fullName":"Displays many Results","numPassingAsserts":0,"status":"passed","title":"Displays many Results"}],"sourceMaps":{},"skipped":false},{"console":[],"failureMessage":null,"numFailingTests":0,"numPassingTests":1,"numPendingTests":0,"perfStats":{"end":1519518103505,"start":1519518103302},"snapshot":{"added":0,"fileDeleted":false,"matched":0,"unchecked":0,"unmatched":0,"updated":0},"testFilePath":"/home/adam/cs4098/client/event-sys-gui/src/CreateTicket.test.js","testResults":[{"ancestorTitles":["CreateTicket"],"duration":1,"failureMessages":[],"fullName":"CreateTicket should be defined","numPassingAsserts":0,"status":"passed","title":"should be defined"}],"sourceMaps":{},"skipped":false},{"console":[],"failureMessage":null,"numFailingTests":0,"numPassingTests":1,"numPendingTests":0,"perfStats":{"end":1519518103679,"start":1519518103509},"snapshot":{"added":0,"fileDeleted":false,"matched":0,"unchecked":0,"unmatched":0,"updated":0},"testFilePath":"/home/adam/cs4098/client/event-sys-gui/src/EventList.test.js","testResults":[{"ancestorTitles":["EventList"],"duration":1,"failureMessages":[],"fullName":"EventList should be defined","numPassingAsserts":0,"status":"passed","title":"should be defined"}],"sourceMaps":{},"skipped":false},{"console":[],"failureMessage":null,"numFailingTests":0,"numPassingTests":1,"numPendingTests":0,"perfStats":{"end":1519518103860,"start":1519518103683},"snapshot":{"added":0,"fileDeleted":false,"matched":0,"unchecked":0,"unmatched":0,"updated":0},"testFilePath":"/home/adam/cs4098/client/event-sys-gui/src/ViewUsers.test.js","testResults":[{"ancestorTitles":["ViewUsers"],"duration":0,"failureMessages":[],"fullName":"ViewUsers should be defined","numPassingAsserts":0,"status":"passed","title":"should be defined"}],"sourceMaps":{},"skipped":false},{"console":[],"failureMessage":null,"numFailingTests":0,"numPassingTests":1,"numPendingTests":0,"perfStats":{"end":1519518104021,"start":1519518103864},"snapshot":{"added":0,"fileDeleted":false,"matched":0,"unchecked":0,"unmatched":0,"updated":0},"testFilePath":"/home/adam/cs4098/client/event-sys-gui/src/CreateVenue.test.js","testResults":[{"ancestorTitles":["CreateVenue"],"duration":1,"failureMessages":[],"fullName":"CreateVenue should be defined","numPassingAsserts":0,"status":"passed","title":"should be defined"}],"sourceMaps":{},"skipped":false},{"console":[{"message":"{ type: 'text',\n  onClick: [Function: bound openCalendar],\n  onFocus: [Function: bound openCalendar],\n  onChange: [Function: bound onInputChange],\n  onKeyDown: [Function: bound onInputKey],\n  value: '',\n  name: undefined }","origin":"/home/adam/cs4098/client/event-sys-gui/src/react-datetime/DateTime.js:439","type":"log"},{"message":"Warning: FloatText contains an input of type text with both value and defaultValue props. Input elements must be either controlled or uncontrolled (specify either the value prop, or the defaultValue prop, but not both). Decide between using a controlled or uncontrolled input element and remove one of these props. More info: https://fb.me/react-controlled-components","origin":"/home/adam/cs4098/client/event-sys-gui/node_modules/fbjs/lib/warning.js:33","type":"error"},{"message":"{ type: 'text',\n  onClick: [Function: bound openCalendar],\n  onFocus: [Function: bound openCalendar],\n  onChange: [Function: bound onInputChange],\n  onKeyDown: [Function: bound onInputKey],\n  value: '',\n  name: undefined }","origin":"/home/adam/cs4098/client/event-sys-gui/src/react-datetime/DateTime.js:439","type":"log"},{"message":"{ type: 'text',\n  onClick: [Function: bound openCalendar],\n  onFocus: [Function: bound openCalendar],\n  onChange: [Function: bound onInputChange],\n  onKeyDown: [Function: bound onInputKey],\n  value: '',\n  name: undefined }","origin":"/home/adam/cs4098/client/event-sys-gui/src/react-datetime/DateTime.js:439","type":"log"}],"failureMessage":null,"numFailingTests":0,"numPassingTests":4,"numPendingTests":0,"perfStats":{"end":1519518106159,"start":1519518104051},"snapshot":{"added":0,"fileDeleted":false,"matched":0,"unchecked":0,"unmatched":0,"updated":0},"testFilePath":"/home/adam/cs4098/client/event-sys-gui/src/CreateUser.test.js","testResults":[{"ancestorTitles":[],"duration":60,"failureMessages":[],"fullName":"Renders App Without Crashing","numPassingAsserts":0,"status":"passed","title":"Renders App Without Crashing"},{"ancestorTitles":[],"duration":31,"failureMessages":[],"fullName":"Loads Test View","numPassingAsserts":0,"status":"passed","title":"Loads Test View"},{"ancestorTitles":[],"duration":25,"failureMessages":[],"fullName":"Test View Hidden","numPassingAsserts":0,"status":"passed","title":"Test View Hidden"},{"ancestorTitles":[],"duration":0,"failureMessages":[],"fullName":"should be defined","numPassingAsserts":0,"status":"passed","title":"should be defined"}],"sourceMaps":{},"skipped":false}],"wasInterrupted":false,"coverageMap":{"/home/adam/cs4098/client/event-sys-gui/src/App.js":{"path":"/home/adam/cs4098/client/event-sys-gui/src/App.js","statementMap":{"0":{"start":{"line":20,"column":22},"end":{"line":25,"column":1}},"1":{"start":{"line":21,"column":2},"end":{"line":24,"column":3}},"2":{"start":{"line":27,"column":25},"end":{"line":36,"column":1}},"3":{"start":{"line":28,"column":2},"end":{"line":35,"column":3}},"4":{"start":{"line":30,"column":6},"end":{"line":33,"column":8}},"5":{"start":{"line":39,"column":17},"end":{"line":44,"column":1}},"6":{"start":{"line":40,"column":16},"end":{"line":40,"column":26}},"7":{"start":{"line":41,"column":2},"end":{"line":41,"column":48}},"8":{"start":{"line":42,"column":14},"end":{"line":42,"column":44}},"9":{"start":{"line":43,"column":2},"end":{"line":43,"column":26}},"10":{"start":{"line":46,"column":14},"end":{"line":58,"column":1}},"11":{"start":{"line":62,"column":4},"end":{"line":62,"column":16}},"12":{"start":{"line":63,"column":4},"end":{"line":63,"column":19}},"13":{"start":{"line":64,"column":4},"end":{"line":66,"column":5}},"14":{"start":{"line":65,"column":6},"end":{"line":65,"column":28}},"15":{"start":{"line":68,"column":4},"end":{"line":68,"column":45}},"16":{"start":{"line":69,"column":4},"end":{"line":69,"column":39}},"17":{"start":{"line":70,"column":4},"end":{"line":70,"column":41}},"18":{"start":{"line":75,"column":4},"end":{"line":75,"column":23}},"19":{"start":{"line":76,"column":19},"end":{"line":76,"column":42}},"20":{"start":{"line":77,"column":19},"end":{"line":77,"column":42}},"21":{"start":{"line":78,"column":15},"end":{"line":78,"column":53}},"22":{"start":{"line":79,"column":15},"end":{"line":86,"column":6}},"23":{"start":{"line":87,"column":4},"end":{"line":87,"column":29}},"24":{"start":{"line":88,"column":4},"end":{"line":88,"column":46}},"25":{"start":{"line":89,"column":4},"end":{"line":89,"column":23}},"26":{"start":{"line":93,"column":15},"end":{"line":93,"column":37}},"27":{"start":{"line":94,"column":4},"end":{"line":94,"column":29}},"28":{"start":{"line":96,"column":4},"end":{"line":96,"column":22}},"29":{"start":{"line":98,"column":4},"end":{"line":98,"column":39}},"30":{"start":{"line":102,"column":4},"end":{"line":102,"column":23}},"31":{"start":{"line":103,"column":19},"end":{"line":103,"column":42}},"32":{"start":{"line":104,"column":19},"end":{"line":104,"column":42}},"33":{"start":{"line":105,"column":27},"end":{"line":105,"column":58}},"34":{"start":{"line":106,"column":4},"end":{"line":109,"column":5}},"35":{"start":{"line":107,"column":6},"end":{"line":107,"column":63}},"36":{"start":{"line":108,"column":6},"end":{"line":108,"column":13}},"37":{"start":{"line":110,"column":17},"end":{"line":110,"column":38}},"38":{"start":{"line":111,"column":17},"end":{"line":111,"column":38}},"39":{"start":{"line":112,"column":16},"end":{"line":112,"column":36}},"40":{"start":{"line":113,"column":15},"end":{"line":113,"column":76}},"41":{"start":{"line":114,"column":15},"end":{"line":121,"column":6}},"42":{"start":{"line":122,"column":4},"end":{"line":122,"column":29}},"43":{"start":{"line":123,"column":4},"end":{"line":123,"column":24}},"44":{"start":{"line":124,"column":4},"end":{"line":126,"column":5}},"45":{"start":{"line":125,"column":6},"end":{"line":125,"column":38}},"46":{"start":{"line":154,"column":15},"end":{"line":154,"column":36}},"47":{"start":{"line":155,"column":15},"end":{"line":155,"column":32}},"48":{"start":{"line":156,"column":4},"end":{"line":156,"column":41}},"49":{"start":{"line":160,"column":40},"end":{"line":160,"column":50}},"50":{"start":{"line":161,"column":4},"end":{"line":163,"column":5}},"51":{"start":{"line":162,"column":6},"end":{"line":162,"column":55}},"52":{"start":{"line":165,"column":4},"end":{"line":186,"column":5}},"53":{"start":{"line":166,"column":17},"end":{"line":166,"column":53}},"54":{"start":{"line":168,"column":6},"end":{"line":171,"column":17}},"55":{"start":{"line":173,"column":6},"end":{"line":185,"column":8}}},"fnMap":{"0":{"name":"(anonymous_0)","decl":{"start":{"line":20,"column":22},"end":{"line":20,"column":23}},"loc":{"start":{"line":20,"column":33},"end":{"line":25,"column":1}},"line":20},"1":{"name":"(anonymous_1)","decl":{"start":{"line":27,"column":25},"end":{"line":27,"column":26}},"loc":{"start":{"line":27,"column":39},"end":{"line":36,"column":1}},"line":27},"2":{"name":"(anonymous_2)","decl":{"start":{"line":29,"column":19},"end":{"line":29,"column":20}},"loc":{"start":{"line":29,"column":34},"end":{"line":34,"column":5}},"line":29},"3":{"name":"(anonymous_3)","decl":{"start":{"line":39,"column":17},"end":{"line":39,"column":18}},"loc":{"start":{"line":39,"column":25},"end":{"line":44,"column":1}},"line":39},"4":{"name":"(anonymous_4)","decl":{"start":{"line":61,"column":2},"end":{"line":61,"column":3}},"loc":{"start":{"line":61,"column":21},"end":{"line":72,"column":3}},"line":61},"5":{"name":"(anonymous_5)","decl":{"start":{"line":74,"column":2},"end":{"line":74,"column":3}},"loc":{"start":{"line":74,"column":17},"end":{"line":90,"column":3}},"line":74},"6":{"name":"(anonymous_6)","decl":{"start":{"line":92,"column":2},"end":{"line":92,"column":3}},"loc":{"start":{"line":92,"column":16},"end":{"line":99,"column":3}},"line":92},"7":{"name":"(anonymous_7)","decl":{"start":{"line":101,"column":2},"end":{"line":101,"column":3}},"loc":{"start":{"line":101,"column":20},"end":{"line":127,"column":3}},"line":101},"8":{"name":"(anonymous_8)","decl":{"start":{"line":153,"column":2},"end":{"line":153,"column":3}},"loc":{"start":{"line":153,"column":25},"end":{"line":157,"column":3}},"line":153},"9":{"name":"(anonymous_9)","decl":{"start":{"line":159,"column":2},"end":{"line":159,"column":3}},"loc":{"start":{"line":159,"column":11},"end":{"line":187,"column":3}},"line":159}},"branchMap":{"0":{"loc":{"start":{"line":64,"column":4},"end":{"line":66,"column":5}},"type":"if","locations":[{"start":{"line":64,"column":4},"end":{"line":66,"column":5}},{"start":{"line":64,"column":4},"end":{"line":66,"column":5}}],"line":64},"1":{"loc":{"start":{"line":106,"column":4},"end":{"line":109,"column":5}},"type":"if","locations":[{"start":{"line":106,"column":4},"end":{"line":109,"column":5}},{"start":{"line":106,"column":4},"end":{"line":109,"column":5}}],"line":106},"2":{"loc":{"start":{"line":124,"column":4},"end":{"line":126,"column":5}},"type":"if","locations":[{"start":{"line":124,"column":4},"end":{"line":126,"column":5}},{"start":{"line":124,"column":4},"end":{"line":126,"column":5}}],"line":124},"3":{"loc":{"start":{"line":161,"column":4},"end":{"line":163,"column":5}},"type":"if","locations":[{"start":{"line":161,"column":4},"end":{"line":163,"column":5}},{"start":{"line":161,"column":4},"end":{"line":163,"column":5}}],"line":161},"4":{"loc":{"start":{"line":165,"column":4},"end":{"line":186,"column":5}},"type":"if","locations":[{"start":{"line":165,"column":4},"end":{"line":186,"column":5}},{"start":{"line":165,"column":4},"end":{"line":186,"column":5}}],"line":165},"5":{"loc":{"start":{"line":166,"column":17},"end":{"line":166,"column":53}},"type":"binary-expr","locations":[{"start":{"line":166,"column":17},"end":{"line":166,"column":39}},{"start":{"line":166,"column":43},"end":{"line":166,"column":53}}],"line":166}},"s":{"0":1,"1":0,"2":1,"3":0,"4":0,"5":1,"6":0,"7":0,"8":0,"9":0,"10":1,"11":0,"12":0,"13":0,"14":0,"15":0,"16":0,"17":0,"18":0,"19":0,"20":0,"21":0,"22":0,"23":0,"24":0,"25":0,"26":0,"27":0,"28":0,"29":0,"30":0,"31":0,"32":0,"33":0,"34":0,"35":0,"36":0,"37":0,"38":0,"39":0,"40":0,"41":0,"42":0,"43":0,"44":0,"45":0,"46":0,"47":0,"48":0,"49":0,"50":0,"51":0,"52":0,"53":0,"54":0,"55":0},"f":{"0":0,"1":0,"2":0,"3":0,"4":0,"5":0,"6":0,"7":0,"8":0,"9":0},"b":{"0":[0,0],"1":[0,0],"2":[0,0],"3":[0,0],"4":[0,0],"5":[0,0]},"_coverageSchema":"332fd63041d2c1bcb487cc26dd0d5f7d97098a6c","hash":"0fcd91ef75a1fbef1bf27ae3d5d432bb76eff0e0"},"/home/adam/cs4098/client/event-sys-gui/src/Test.js":{"path":"/home/adam/cs4098/client/event-sys-gui/src/Test.js","statementMap":{"0":{"start":{"line":7,"column":14},"end":{"line":7,"column":42}},"1":{"start":{"line":8,"column":14},"end":{"line":8,"column":42}},"2":{"start":{"line":10,"column":11},"end":{"line":24,"column":1}},"3":{"start":{"line":11,"column":2},"end":{"line":23,"column":8}},"4":{"start":{"line":15,"column":10},"end":{"line":15,"column":29}},"5":{"start":{"line":16,"column":10},"end":{"line":19,"column":15}}},"fnMap":{"0":{"name":"(anonymous_0)","decl":{"start":{"line":10,"column":11},"end":{"line":10,"column":12}},"loc":{"start":{"line":10,"column":33},"end":{"line":24,"column":1}},"line":10},"1":{"name":"(anonymous_1)","decl":{"start":{"line":14,"column":21},"end":{"line":14,"column":22}},"loc":{"start":{"line":14,"column":36},"end":{"line":20,"column":9}},"line":14}},"branchMap":{"0":{"loc":{"start":{"line":10,"column":14},"end":{"line":10,"column":26}},"type":"default-arg","locations":[{"start":{"line":10,"column":24},"end":{"line":10,"column":26}}],"line":10},"1":{"loc":{"start":{"line":18,"column":17},"end":{"line":18,"column":51}},"type":"cond-expr","locations":[{"start":{"line":18,"column":34},"end":{"line":18,"column":41}},{"start":{"line":18,"column":44},"end":{"line":18,"column":51}}],"line":18}},"s":{"0":2,"1":2,"2":2,"3":3,"4":5,"5":5},"f":{"0":3,"1":5},"b":{"0":[1],"1":[4,1]},"_coverageSchema":"332fd63041d2c1bcb487cc26dd0d5f7d97098a6c","hash":"f257b7e71c85464312207447eb400cb572db8079"},"/home/adam/cs4098/client/event-sys-gui/src/SignupForm.js":{"path":"/home/adam/cs4098/client/event-sys-gui/src/SignupForm.js","statementMap":{"0":{"start":{"line":3,"column":17},"end":{"line":36,"column":1}},"1":{"start":{"line":4,"column":2},"end":{"line":35,"column":8}}},"fnMap":{"0":{"name":"(anonymous_0)","decl":{"start":{"line":3,"column":17},"end":{"line":3,"column":18}},"loc":{"start":{"line":3,"column":35},"end":{"line":36,"column":1}},"line":3}},"branchMap":{},"s":{"0":1,"1":0},"f":{"0":0},"b":{},"_coverageSchema":"332fd63041d2c1bcb487cc26dd0d5f7d97098a6c","hash":"1a27e23fc9dcd2a28b39787c0eba6b548a751842"},"/home/adam/cs4098/client/event-sys-gui/src/LoginForm.js":{"path":"/home/adam/cs4098/client/event-sys-gui/src/LoginForm.js","statementMap":{"0":{"start":{"line":3,"column":16},"end":{"line":20,"column":1}},"1":{"start":{"line":4,"column":2},"end":{"line":19,"column":8}}},"fnMap":{"0":{"name":"(anonymous_0)","decl":{"start":{"line":3,"column":16},"end":{"line":3,"column":17}},"loc":{"start":{"line":3,"column":34},"end":{"line":20,"column":1}},"line":3}},"branchMap":{},"s":{"0":1,"1":0},"f":{"0":0},"b":{},"_coverageSchema":"332fd63041d2c1bcb487cc26dd0d5f7d97098a6c","hash":"c16b5af078ad028a878f13ebd0e398852011ed80"},"/home/adam/cs4098/client/event-sys-gui/src/CreateEvent.js":{"path":"/home/adam/cs4098/client/event-sys-gui/src/CreateEvent.js","statementMap":{"0":{"start":{"line":10,"column":4},"end":{"line":10,"column":12}},"1":{"start":{"line":11,"column":4},"end":{"line":19,"column":6}},"2":{"start":{"line":20,"column":4},"end":{"line":20,"column":51}},"3":{"start":{"line":21,"column":4},"end":{"line":21,"column":63}},"4":{"start":{"line":22,"column":4},"end":{"line":22,"column":67}},"5":{"start":{"line":23,"column":4},"end":{"line":23,"column":21}},"6":{"start":{"line":24,"column":4},"end":{"line":24,"column":22}},"7":{"start":{"line":28,"column":4},"end":{"line":28,"column":23}},"8":{"start":{"line":29,"column":15},"end":{"line":29,"column":23}},"9":{"start":{"line":30,"column":26},"end":{"line":30,"column":52}},"10":{"start":{"line":31,"column":18},"end":{"line":31,"column":20}},"11":{"start":{"line":32,"column":16},"end":{"line":32,"column":32}},"12":{"start":{"line":33,"column":14},"end":{"line":33,"column":28}},"13":{"start":{"line":35,"column":4},"end":{"line":39,"column":5}},"14":{"start":{"line":36,"column":15},"end":{"line":36,"column":36}},"15":{"start":{"line":37,"column":18},"end":{"line":37,"column":49}},"16":{"start":{"line":38,"column":6},"end":{"line":38,"column":43}},"17":{"start":{"line":41,"column":15},"end":{"line":49,"column":5}},"18":{"start":{"line":51,"column":4},"end":{"line":51,"column":39}},"19":{"start":{"line":52,"column":15},"end":{"line":58,"column":6}},"20":{"start":{"line":59,"column":4},"end":{"line":59,"column":58}},"21":{"start":{"line":60,"column":4},"end":{"line":60,"column":17}},"22":{"start":{"line":64,"column":4},"end":{"line":64,"column":54}},"23":{"start":{"line":68,"column":17},"end":{"line":68,"column":57}},"24":{"start":{"line":69,"column":26},"end":{"line":69,"column":52}},"25":{"start":{"line":70,"column":4},"end":{"line":75,"column":5}},"26":{"start":{"line":71,"column":14},"end":{"line":71,"column":45}},"27":{"start":{"line":72,"column":8},"end":{"line":72,"column":37}},"28":{"start":{"line":74,"column":6},"end":{"line":74,"column":35}},"29":{"start":{"line":76,"column":4},"end":{"line":76,"column":53}},"30":{"start":{"line":82,"column":19},"end":{"line":82,"column":47}},"31":{"start":{"line":83,"column":4},"end":{"line":83,"column":37}},"32":{"start":{"line":84,"column":4},"end":{"line":84,"column":38}},"33":{"start":{"line":85,"column":4},"end":{"line":85,"column":41}},"34":{"start":{"line":89,"column":4},"end":{"line":89,"column":34}},"35":{"start":{"line":90,"column":19},"end":{"line":90,"column":48}},"36":{"start":{"line":91,"column":4},"end":{"line":91,"column":37}},"37":{"start":{"line":92,"column":4},"end":{"line":92,"column":39}},"38":{"start":{"line":93,"column":4},"end":{"line":93,"column":42}},"39":{"start":{"line":97,"column":17},"end":{"line":97,"column":34}},"40":{"start":{"line":98,"column":20},"end":{"line":98,"column":71}},"41":{"start":{"line":99,"column":4},"end":{"line":105,"column":5}},"42":{"start":{"line":100,"column":6},"end":{"line":104,"column":7}},"43":{"start":{"line":101,"column":19},"end":{"line":101,"column":33}},"44":{"start":{"line":102,"column":17},"end":{"line":102,"column":29}},"45":{"start":{"line":103,"column":8},"end":{"line":103,"column":68}},"46":{"start":{"line":106,"column":4},"end":{"line":106,"column":21}},"47":{"start":{"line":110,"column":18},"end":{"line":110,"column":36}},"48":{"start":{"line":111,"column":22},"end":{"line":111,"column":75}},"49":{"start":{"line":112,"column":4},"end":{"line":118,"column":5}},"50":{"start":{"line":113,"column":6},"end":{"line":117,"column":7}},"51":{"start":{"line":114,"column":19},"end":{"line":114,"column":34}},"52":{"start":{"line":115,"column":17},"end":{"line":115,"column":30}},"53":{"start":{"line":116,"column":8},"end":{"line":116,"column":70}},"54":{"start":{"line":119,"column":4},"end":{"line":119,"column":23}},"55":{"start":{"line":123,"column":18},"end":{"line":123,"column":44}},"56":{"start":{"line":124,"column":18},"end":{"line":124,"column":20}},"57":{"start":{"line":125,"column":4},"end":{"line":133,"column":5}},"58":{"start":{"line":126,"column":6},"end":{"line":132,"column":7}},"59":{"start":{"line":127,"column":19},"end":{"line":127,"column":34}},"60":{"start":{"line":128,"column":17},"end":{"line":128,"column":30}},"61":{"start":{"line":129,"column":24},"end":{"line":129,"column":57}},"62":{"start":{"line":130,"column":22},"end":{"line":130,"column":41}},"63":{"start":{"line":131,"column":8},"end":{"line":131,"column":86}},"64":{"start":{"line":134,"column":4},"end":{"line":134,"column":19}},"65":{"start":{"line":138,"column":23},"end":{"line":138,"column":44}},"66":{"start":{"line":139,"column":24},"end":{"line":139,"column":47}},"67":{"start":{"line":140,"column":24},"end":{"line":140,"column":49}},"68":{"start":{"line":141,"column":4},"end":{"line":165,"column":10}}},"fnMap":{"0":{"name":"(anonymous_0)","decl":{"start":{"line":9,"column":2},"end":{"line":9,"column":3}},"loc":{"start":{"line":9,"column":16},"end":{"line":25,"column":3}},"line":9},"1":{"name":"(anonymous_1)","decl":{"start":{"line":27,"column":2},"end":{"line":27,"column":3}},"loc":{"start":{"line":27,"column":22},"end":{"line":61,"column":3}},"line":27},"2":{"name":"(anonymous_2)","decl":{"start":{"line":63,"column":2},"end":{"line":63,"column":3}},"loc":{"start":{"line":63,"column":26},"end":{"line":65,"column":3}},"line":63},"3":{"name":"(anonymous_3)","decl":{"start":{"line":67,"column":2},"end":{"line":67,"column":3}},"loc":{"start":{"line":67,"column":28},"end":{"line":78,"column":3}},"line":67},"4":{"name":"(anonymous_4)","decl":{"start":{"line":80,"column":2},"end":{"line":80,"column":3}},"loc":{"start":{"line":80,"column":20},"end":{"line":86,"column":3}},"line":80},"5":{"name":"(anonymous_5)","decl":{"start":{"line":88,"column":2},"end":{"line":88,"column":3}},"loc":{"start":{"line":88,"column":20},"end":{"line":94,"column":3}},"line":88},"6":{"name":"(anonymous_6)","decl":{"start":{"line":96,"column":2},"end":{"line":96,"column":3}},"loc":{"start":{"line":96,"column":18},"end":{"line":107,"column":3}},"line":96},"7":{"name":"(anonymous_7)","decl":{"start":{"line":109,"column":2},"end":{"line":109,"column":3}},"loc":{"start":{"line":109,"column":20},"end":{"line":120,"column":3}},"line":109},"8":{"name":"(anonymous_8)","decl":{"start":{"line":122,"column":2},"end":{"line":122,"column":3}},"loc":{"start":{"line":122,"column":22},"end":{"line":135,"column":3}},"line":122},"9":{"name":"(anonymous_9)","decl":{"start":{"line":137,"column":2},"end":{"line":137,"column":3}},"loc":{"start":{"line":137,"column":11},"end":{"line":166,"column":3}},"line":137}},"branchMap":{"0":{"loc":{"start":{"line":70,"column":4},"end":{"line":75,"column":5}},"type":"if","locations":[{"start":{"line":70,"column":4},"end":{"line":75,"column":5}},{"start":{"line":70,"column":4},"end":{"line":75,"column":5}}],"line":70},"1":{"loc":{"start":{"line":99,"column":4},"end":{"line":105,"column":5}},"type":"if","locations":[{"start":{"line":99,"column":4},"end":{"line":105,"column":5}},{"start":{"line":99,"column":4},"end":{"line":105,"column":5}}],"line":99},"2":{"loc":{"start":{"line":112,"column":4},"end":{"line":118,"column":5}},"type":"if","locations":[{"start":{"line":112,"column":4},"end":{"line":118,"column":5}},{"start":{"line":112,"column":4},"end":{"line":118,"column":5}}],"line":112},"3":{"loc":{"start":{"line":125,"column":4},"end":{"line":133,"column":5}},"type":"if","locations":[{"start":{"line":125,"column":4},"end":{"line":133,"column":5}},{"start":{"line":125,"column":4},"end":{"line":133,"column":5}}],"line":125}},"s":{"0":0,"1":0,"2":0,"3":0,"4":0,"5":0,"6":0,"7":0,"8":0,"9":0,"10":0,"11":0,"12":0,"13":0,"14":0,"15":0,"16":0,"17":0,"18":0,"19":0,"20":0,"21":0,"22":0,"23":0,"24":0,"25":0,"26":0,"27":0,"28":0,"29":0,"30":0,"31":0,"32":0,"33":0,"34":0,"35":0,"36":0,"37":0,"38":0,"39":0,"40":0,"41":0,"42":0,"43":0,"44":0,"45":0,"46":0,"47":0,"48":0,"49":0,"50":0,"51":0,"52":0,"53":0,"54":0,"55":0,"56":0,"57":0,"58":0,"59":0,"60":0,"61":0,"62":0,"63":0,"64":0,"65":0,"66":0,"67":0,"68":0},"f":{"0":0,"1":0,"2":0,"3":0,"4":0,"5":0,"6":0,"7":0,"8":0,"9":0},"b":{"0":[0,0],"1":[0,0],"2":[0,0],"3":[0,0]},"_coverageSchema":"332fd63041d2c1bcb487cc26dd0d5f7d97098a6c","hash":"aff11cc9d8e6d61963e489025e2434749ab0aaf9"},"/home/adam/cs4098/client/event-sys-gui/src/react-datetime/DateTime.js":{"path":"/home/adam/cs4098/client/event-sys-gui/src/react-datetime/DateTime.js","statementMap":{"0":{"start":{"line":8,"column":18},"end":{"line":13,"column":2}},"1":{"start":{"line":17,"column":2},"end":{"line":17,"column":14}},"2":{"start":{"line":18,"column":14},"end":{"line":18,"column":43}},"3":{"start":{"line":20,"column":2},"end":{"line":22,"column":3}},"4":{"start":{"line":21,"column":3},"end":{"line":21,"column":29}},"5":{"start":{"line":24,"column":2},"end":{"line":28,"column":3}},"6":{"start":{"line":25,"column":3},"end":{"line":25,"column":73}},"7":{"start":{"line":27,"column":3},"end":{"line":27,"column":25}},"8":{"start":{"line":30,"column":2},"end":{"line":30,"column":21}},"9":{"start":{"line":32,"column":2},"end":{"line":32,"column":63}},"10":{"start":{"line":33,"column":2},"end":{"line":33,"column":49}},"11":{"start":{"line":34,"column":2},"end":{"line":34,"column":51}},"12":{"start":{"line":35,"column":2},"end":{"line":35,"column":53}},"13":{"start":{"line":36,"column":2},"end":{"line":36,"column":63}},"14":{"start":{"line":37,"column":2},"end":{"line":37,"column":41}},"15":{"start":{"line":38,"column":2},"end":{"line":38,"column":51}},"16":{"start":{"line":39,"column":2},"end":{"line":39,"column":47}},"17":{"start":{"line":40,"column":2},"end":{"line":40,"column":41}},"18":{"start":{"line":41,"column":2},"end":{"line":41,"column":53}},"19":{"start":{"line":42,"column":2},"end":{"line":42,"column":47}},"20":{"start":{"line":43,"column":2},"end":{"line":43,"column":43}},"21":{"start":{"line":44,"column":2},"end":{"line":44,"column":41}},"22":{"start":{"line":45,"column":2},"end":{"line":45,"column":49}},"23":{"start":{"line":46,"column":2},"end":{"line":46,"column":45}},"24":{"start":{"line":47,"column":2},"end":{"line":47,"column":47}},"25":{"start":{"line":48,"column":2},"end":{"line":48,"column":61}},"26":{"start":{"line":49,"column":2},"end":{"line":49,"column":61}},"27":{"start":{"line":53,"column":15},"end":{"line":53,"column":23}},"28":{"start":{"line":54,"column":17},"end":{"line":54,"column":18}},"29":{"start":{"line":55,"column":17},"end":{"line":55,"column":36}},"30":{"start":{"line":56,"column":20},"end":{"line":56,"column":55}},"31":{"start":{"line":57,"column":13},"end":{"line":57,"column":17}},"32":{"start":{"line":59,"column":2},"end":{"line":75,"column":3}},"33":{"start":{"line":60,"column":3},"end":{"line":64,"column":4}},"34":{"start":{"line":61,"column":4},"end":{"line":61,"column":17}},"35":{"start":{"line":62,"column":10},"end":{"line":64,"column":4}},"36":{"start":{"line":63,"column":4},"end":{"line":63,"column":18}},"37":{"start":{"line":66,"column":3},"end":{"line":67,"column":69}},"38":{"start":{"line":68,"column":9},"end":{"line":75,"column":3}},"39":{"start":{"line":69,"column":3},"end":{"line":70,"column":40}},"40":{"start":{"line":71,"column":9},"end":{"line":75,"column":3}},"41":{"start":{"line":72,"column":3},"end":{"line":74,"column":70}},"42":{"start":{"line":77,"column":2},"end":{"line":80,"column":45}},"43":{"start":{"line":82,"column":2},"end":{"line":97,"column":3}},"44":{"start":{"line":83,"column":14},"end":{"line":83,"column":50}},"45":{"start":{"line":84,"column":3},"end":{"line":86,"column":4}},"46":{"start":{"line":85,"column":4},"end":{"line":85,"column":27}},"47":{"start":{"line":87,"column":3},"end":{"line":92,"column":5}},"48":{"start":{"line":94,"column":3},"end":{"line":96,"column":4}},"49":{"start":{"line":95,"column":4},"end":{"line":95,"column":24}},"50":{"start":{"line":99,"column":2},"end":{"line":99,"column":28}},"51":{"start":{"line":103,"column":2},"end":{"line":103,"column":30}},"52":{"start":{"line":104,"column":17},"end":{"line":104,"column":48}},"53":{"start":{"line":105,"column":10},"end":{"line":105,"column":53}},"54":{"start":{"line":106,"column":2},"end":{"line":108,"column":3}},"55":{"start":{"line":107,"column":3},"end":{"line":107,"column":26}},"56":{"start":{"line":109,"column":2},"end":{"line":109,"column":11}},"57":{"start":{"line":113,"column":2},"end":{"line":117,"column":3}},"58":{"start":{"line":121,"column":2},"end":{"line":126,"column":3}},"59":{"start":{"line":122,"column":3},"end":{"line":125,"column":6}},"60":{"start":{"line":123,"column":4},"end":{"line":123,"column":47}},"61":{"start":{"line":124,"column":4},"end":{"line":124,"column":26}},"62":{"start":{"line":130,"column":2},"end":{"line":132,"column":5}},"63":{"start":{"line":131,"column":3},"end":{"line":131,"column":71}},"64":{"start":{"line":136,"column":2},"end":{"line":140,"column":3}},"65":{"start":{"line":137,"column":3},"end":{"line":139,"column":6}},"66":{"start":{"line":138,"column":4},"end":{"line":138,"column":72}},"67":{"start":{"line":144,"column":2},"end":{"line":144,"column":60}},"68":{"start":{"line":148,"column":2},"end":{"line":148,"column":65}},"69":{"start":{"line":152,"column":2},"end":{"line":157,"column":3}},"70":{"start":{"line":153,"column":16},"end":{"line":153,"column":18}},"71":{"start":{"line":154,"column":14},"end":{"line":154,"column":54}},"72":{"start":{"line":155,"column":3},"end":{"line":155,"column":61}},"73":{"start":{"line":156,"column":3},"end":{"line":156,"column":24}},"74":{"start":{"line":161,"column":2},"end":{"line":161,"column":56}},"75":{"start":{"line":165,"column":14},"end":{"line":165,"column":53}},"76":{"start":{"line":166,"column":14},"end":{"line":166,"column":24}},"77":{"start":{"line":167,"column":13},"end":{"line":167,"column":59}},"78":{"start":{"line":169,"column":2},"end":{"line":169,"column":20}},"79":{"start":{"line":170,"column":2},"end":{"line":173,"column":3}},"80":{"start":{"line":171,"column":18},"end":{"line":171,"column":44}},"81":{"start":{"line":172,"column":3},"end":{"line":172,"column":36}},"82":{"start":{"line":175,"column":2},"end":{"line":180,"column":3}},"83":{"start":{"line":176,"column":3},"end":{"line":179,"column":6}},"84":{"start":{"line":181,"column":2},"end":{"line":181,"column":28}},"85":{"start":{"line":185,"column":14},"end":{"line":185,"column":52}},"86":{"start":{"line":186,"column":20},"end":{"line":186,"column":67}},"87":{"start":{"line":187,"column":15},"end":{"line":187,"column":36}},"88":{"start":{"line":189,"column":2},"end":{"line":194,"column":3}},"89":{"start":{"line":190,"column":3},"end":{"line":190,"column":37}},"90":{"start":{"line":191,"column":3},"end":{"line":191,"column":58}},"91":{"start":{"line":193,"column":3},"end":{"line":193,"column":30}},"92":{"start":{"line":196,"column":2},"end":{"line":198,"column":4}},"93":{"start":{"line":197,"column":3},"end":{"line":197,"column":90}},"94":{"start":{"line":202,"column":2},"end":{"line":204,"column":3}},"95":{"start":{"line":203,"column":3},"end":{"line":203,"column":23}},"96":{"start":{"line":208,"column":2},"end":{"line":214,"column":3}},"97":{"start":{"line":209,"column":3},"end":{"line":211,"column":4}},"98":{"start":{"line":210,"column":4},"end":{"line":210,"column":37}},"99":{"start":{"line":213,"column":3},"end":{"line":213,"column":39}},"100":{"start":{"line":218,"column":18},"end":{"line":221,"column":3}},"101":{"start":{"line":223,"column":2},"end":{"line":230,"column":3}},"102":{"start":{"line":224,"column":3},"end":{"line":227,"column":5}},"103":{"start":{"line":229,"column":3},"end":{"line":229,"column":47}},"104":{"start":{"line":234,"column":16},"end":{"line":234,"column":42}},"105":{"start":{"line":235,"column":21},"end":{"line":235,"column":23}},"106":{"start":{"line":237,"column":19},"end":{"line":237,"column":55}},"107":{"start":{"line":238,"column":22},"end":{"line":238,"column":79}},"108":{"start":{"line":240,"column":2},"end":{"line":242,"column":3}},"109":{"start":{"line":241,"column":3},"end":{"line":241,"column":52}},"110":{"start":{"line":244,"column":2},"end":{"line":252,"column":3}},"111":{"start":{"line":245,"column":3},"end":{"line":251,"column":4}},"112":{"start":{"line":246,"column":4},"end":{"line":246,"column":39}},"113":{"start":{"line":247,"column":10},"end":{"line":251,"column":4}},"114":{"start":{"line":248,"column":4},"end":{"line":248,"column":30}},"115":{"start":{"line":250,"column":4},"end":{"line":250,"column":40}},"116":{"start":{"line":254,"column":2},"end":{"line":256,"column":3}},"117":{"start":{"line":255,"column":3},"end":{"line":255,"column":49}},"118":{"start":{"line":258,"column":2},"end":{"line":268,"column":3}},"119":{"start":{"line":259,"column":3},"end":{"line":262,"column":4}},"120":{"start":{"line":260,"column":26},"end":{"line":260,"column":80}},"121":{"start":{"line":261,"column":4},"end":{"line":261,"column":44}},"122":{"start":{"line":263,"column":3},"end":{"line":267,"column":4}},"123":{"start":{"line":264,"column":30},"end":{"line":264,"column":88}},"124":{"start":{"line":265,"column":4},"end":{"line":265,"column":52}},"125":{"start":{"line":266,"column":4},"end":{"line":266,"column":77}},"126":{"start":{"line":270,"column":2},"end":{"line":286,"column":3}},"127":{"start":{"line":271,"column":3},"end":{"line":285,"column":4}},"128":{"start":{"line":272,"column":4},"end":{"line":273,"column":63}},"129":{"start":{"line":273,"column":5},"end":{"line":273,"column":63}},"130":{"start":{"line":274,"column":4},"end":{"line":277,"column":5}},"131":{"start":{"line":275,"column":5},"end":{"line":275,"column":71}},"132":{"start":{"line":276,"column":5},"end":{"line":276,"column":84}},"133":{"start":{"line":279,"column":4},"end":{"line":280,"column":65}},"134":{"start":{"line":280,"column":5},"end":{"line":280,"column":65}},"135":{"start":{"line":281,"column":4},"end":{"line":284,"column":5}},"136":{"start":{"line":282,"column":5},"end":{"line":282,"column":73}},"137":{"start":{"line":283,"column":5},"end":{"line":283,"column":82}},"138":{"start":{"line":288,"column":2},"end":{"line":290,"column":3}},"139":{"start":{"line":289,"column":3},"end":{"line":289,"column":54}},"140":{"start":{"line":298,"column":2},"end":{"line":298,"column":30}},"141":{"start":{"line":302,"column":2},"end":{"line":308,"column":3}},"142":{"start":{"line":303,"column":3},"end":{"line":303,"column":25}},"143":{"start":{"line":304,"column":9},"end":{"line":308,"column":3}},"144":{"start":{"line":305,"column":3},"end":{"line":305,"column":27}},"145":{"start":{"line":306,"column":9},"end":{"line":308,"column":3}},"146":{"start":{"line":307,"column":3},"end":{"line":307,"column":26}},"147":{"start":{"line":310,"column":2},"end":{"line":310,"column":24}},"148":{"start":{"line":316,"column":2},"end":{"line":320,"column":3}},"149":{"start":{"line":317,"column":3},"end":{"line":317,"column":57}},"150":{"start":{"line":318,"column":9},"end":{"line":320,"column":3}},"151":{"start":{"line":319,"column":3},"end":{"line":319,"column":39}},"152":{"start":{"line":322,"column":2},"end":{"line":324,"column":3}},"153":{"start":{"line":323,"column":3},"end":{"line":323,"column":21}},"154":{"start":{"line":326,"column":2},"end":{"line":326,"column":20}},"155":{"start":{"line":330,"column":16},"end":{"line":333,"column":3}},"156":{"start":{"line":335,"column":15},"end":{"line":335,"column":69}},"157":{"start":{"line":337,"column":2},"end":{"line":341,"column":3}},"158":{"start":{"line":338,"column":3},"end":{"line":338,"column":45}},"159":{"start":{"line":339,"column":9},"end":{"line":341,"column":3}},"160":{"start":{"line":340,"column":3},"end":{"line":340,"column":21}},"161":{"start":{"line":343,"column":2},"end":{"line":345,"column":3}},"162":{"start":{"line":344,"column":3},"end":{"line":344,"column":46}},"163":{"start":{"line":347,"column":2},"end":{"line":351,"column":3}},"164":{"start":{"line":348,"column":3},"end":{"line":348,"column":55}},"165":{"start":{"line":350,"column":3},"end":{"line":350,"column":50}},"166":{"start":{"line":353,"column":2},"end":{"line":353,"column":17}},"167":{"start":{"line":357,"column":16},"end":{"line":357,"column":38}},"168":{"start":{"line":358,"column":13},"end":{"line":358,"column":46}},"169":{"start":{"line":359,"column":21},"end":{"line":359,"column":50}},"170":{"start":{"line":360,"column":19},"end":{"line":360,"column":23}},"171":{"start":{"line":362,"column":17},"end":{"line":362,"column":56}},"172":{"start":{"line":364,"column":2},"end":{"line":370,"column":3}},"173":{"start":{"line":365,"column":3},"end":{"line":365,"column":51}},"174":{"start":{"line":366,"column":9},"end":{"line":370,"column":3}},"175":{"start":{"line":367,"column":3},"end":{"line":367,"column":47}},"176":{"start":{"line":369,"column":3},"end":{"line":369,"column":49}},"177":{"start":{"line":372,"column":17},"end":{"line":372,"column":42}},"178":{"start":{"line":374,"column":2},"end":{"line":380,"column":3}},"179":{"start":{"line":375,"column":3},"end":{"line":375,"column":54}},"180":{"start":{"line":376,"column":9},"end":{"line":380,"column":3}},"181":{"start":{"line":377,"column":3},"end":{"line":377,"column":18}},"182":{"start":{"line":379,"column":3},"end":{"line":379,"column":26}},"183":{"start":{"line":382,"column":2},"end":{"line":389,"column":4}},"184":{"start":{"line":393,"column":16},"end":{"line":393,"column":43}},"185":{"start":{"line":394,"column":14},"end":{"line":394,"column":66}},"186":{"start":{"line":396,"column":2},"end":{"line":398,"column":4}},"187":{"start":{"line":397,"column":3},"end":{"line":397,"column":34}},"188":{"start":{"line":400,"column":2},"end":{"line":402,"column":4}},"189":{"start":{"line":401,"column":3},"end":{"line":401,"column":34}},"190":{"start":{"line":404,"column":2},"end":{"line":406,"column":4}},"191":{"start":{"line":405,"column":3},"end":{"line":405,"column":28}},"192":{"start":{"line":408,"column":2},"end":{"line":408,"column":15}},"193":{"start":{"line":412,"column":18},"end":{"line":412,"column":35}},"194":{"start":{"line":413,"column":2},"end":{"line":419,"column":3}},"195":{"start":{"line":414,"column":16},"end":{"line":414,"column":36}},"196":{"start":{"line":415,"column":3},"end":{"line":417,"column":4}},"197":{"start":{"line":416,"column":4},"end":{"line":416,"column":29}},"198":{"start":{"line":418,"column":3},"end":{"line":418,"column":29}},"199":{"start":{"line":421,"column":14},"end":{"line":421,"column":18}},"200":{"start":{"line":423,"column":2},"end":{"line":444,"column":3}},"201":{"start":{"line":424,"column":25},"end":{"line":432,"column":28}},"202":{"start":{"line":434,"column":3},"end":{"line":441,"column":4}},"203":{"start":{"line":435,"column":4},"end":{"line":437,"column":10}},"204":{"start":{"line":439,"column":4},"end":{"line":439,"column":32}},"205":{"start":{"line":440,"column":4},"end":{"line":440,"column":79}},"206":{"start":{"line":443,"column":3},"end":{"line":443,"column":41}},"207":{"start":{"line":446,"column":2},"end":{"line":448,"column":3}},"208":{"start":{"line":447,"column":3},"end":{"line":447,"column":39}},"209":{"start":{"line":450,"column":2},"end":{"line":455,"column":8}},"210":{"start":{"line":459,"column":12},"end":{"line":459,"column":21}},"211":{"start":{"line":460,"column":0},"end":{"line":481,"column":1}},"212":{"start":{"line":483,"column":0},"end":{"line":499,"column":2}},"213":{"start":{"line":502,"column":0},"end":{"line":502,"column":25}}},"fnMap":{"0":{"name":"(anonymous_0)","decl":{"start":{"line":16,"column":1},"end":{"line":16,"column":2}},"loc":{"start":{"line":16,"column":20},"end":{"line":50,"column":2}},"line":16},"1":{"name":"(anonymous_1)","decl":{"start":{"line":52,"column":1},"end":{"line":52,"column":2}},"loc":{"start":{"line":52,"column":30},"end":{"line":100,"column":2}},"line":52},"2":{"name":"(anonymous_2)","decl":{"start":{"line":102,"column":1},"end":{"line":102,"column":2}},"loc":{"start":{"line":102,"column":34},"end":{"line":110,"column":2}},"line":102},"3":{"name":"(anonymous_3)","decl":{"start":{"line":112,"column":1},"end":{"line":112,"column":2}},"loc":{"start":{"line":112,"column":22},"end":{"line":118,"column":2}},"line":112},"4":{"name":"(anonymous_4)","decl":{"start":{"line":120,"column":1},"end":{"line":120,"column":2}},"loc":{"start":{"line":120,"column":17},"end":{"line":127,"column":2}},"line":120},"5":{"name":"(anonymous_5)","decl":{"start":{"line":122,"column":33},"end":{"line":122,"column":34}},"loc":{"start":{"line":122,"column":39},"end":{"line":125,"column":4}},"line":122},"6":{"name":"(anonymous_6)","decl":{"start":{"line":129,"column":1},"end":{"line":129,"column":2}},"loc":{"start":{"line":129,"column":17},"end":{"line":133,"column":2}},"line":129},"7":{"name":"(anonymous_7)","decl":{"start":{"line":130,"column":33},"end":{"line":130,"column":34}},"loc":{"start":{"line":130,"column":39},"end":{"line":132,"column":3}},"line":130},"8":{"name":"(anonymous_8)","decl":{"start":{"line":135,"column":1},"end":{"line":135,"column":2}},"loc":{"start":{"line":135,"column":22},"end":{"line":141,"column":2}},"line":135},"9":{"name":"(anonymous_9)","decl":{"start":{"line":137,"column":34},"end":{"line":137,"column":35}},"loc":{"start":{"line":137,"column":40},"end":{"line":139,"column":4}},"line":137},"10":{"name":"(anonymous_10)","decl":{"start":{"line":143,"column":1},"end":{"line":143,"column":2}},"loc":{"start":{"line":143,"column":35},"end":{"line":145,"column":2}},"line":143},"11":{"name":"(anonymous_11)","decl":{"start":{"line":147,"column":1},"end":{"line":147,"column":2}},"loc":{"start":{"line":147,"column":40},"end":{"line":149,"column":2}},"line":147},"12":{"name":"(anonymous_12)","decl":{"start":{"line":151,"column":1},"end":{"line":151,"column":2}},"loc":{"start":{"line":151,"column":42},"end":{"line":158,"column":2}},"line":151},"13":{"name":"(anonymous_13)","decl":{"start":{"line":152,"column":9},"end":{"line":152,"column":10}},"loc":{"start":{"line":152,"column":15},"end":{"line":157,"column":3}},"line":152},"14":{"name":"(anonymous_14)","decl":{"start":{"line":160,"column":1},"end":{"line":160,"column":2}},"loc":{"start":{"line":160,"column":22},"end":{"line":162,"column":2}},"line":160},"15":{"name":"(anonymous_15)","decl":{"start":{"line":164,"column":1},"end":{"line":164,"column":2}},"loc":{"start":{"line":164,"column":22},"end":{"line":182,"column":2}},"line":164},"16":{"name":"(anonymous_16)","decl":{"start":{"line":184,"column":1},"end":{"line":184,"column":2}},"loc":{"start":{"line":184,"column":18},"end":{"line":199,"column":2}},"line":184},"17":{"name":"(anonymous_17)","decl":{"start":{"line":196,"column":31},"end":{"line":196,"column":32}},"loc":{"start":{"line":196,"column":37},"end":{"line":198,"column":3}},"line":196},"18":{"name":"(anonymous_18)","decl":{"start":{"line":201,"column":1},"end":{"line":201,"column":2}},"loc":{"start":{"line":201,"column":15},"end":{"line":205,"column":2}},"line":201},"19":{"name":"(anonymous_19)","decl":{"start":{"line":207,"column":1},"end":{"line":207,"column":2}},"loc":{"start":{"line":207,"column":16},"end":{"line":215,"column":2}},"line":207},"20":{"name":"(anonymous_20)","decl":{"start":{"line":208,"column":9},"end":{"line":208,"column":10}},"loc":{"start":{"line":208,"column":15},"end":{"line":214,"column":3}},"line":208},"21":{"name":"(anonymous_21)","decl":{"start":{"line":217,"column":1},"end":{"line":217,"column":2}},"loc":{"start":{"line":217,"column":15},"end":{"line":231,"column":2}},"line":217},"22":{"name":"(anonymous_22)","decl":{"start":{"line":223,"column":9},"end":{"line":223,"column":10}},"loc":{"start":{"line":223,"column":16},"end":{"line":230,"column":3}},"line":223},"23":{"name":"(anonymous_23)","decl":{"start":{"line":233,"column":1},"end":{"line":233,"column":2}},"loc":{"start":{"line":233,"column":38},"end":{"line":299,"column":2}},"line":233},"24":{"name":"(anonymous_24)","decl":{"start":{"line":301,"column":1},"end":{"line":301,"column":2}},"loc":{"start":{"line":301,"column":22},"end":{"line":311,"column":2}},"line":301},"25":{"name":"(anonymous_25)","decl":{"start":{"line":313,"column":1},"end":{"line":313,"column":2}},"loc":{"start":{"line":313,"column":26},"end":{"line":327,"column":2}},"line":313},"26":{"name":"(anonymous_26)","decl":{"start":{"line":329,"column":1},"end":{"line":329,"column":2}},"loc":{"start":{"line":329,"column":19},"end":{"line":354,"column":2}},"line":329},"27":{"name":"(anonymous_27)","decl":{"start":{"line":356,"column":1},"end":{"line":356,"column":2}},"loc":{"start":{"line":356,"column":26},"end":{"line":390,"column":2}},"line":356},"28":{"
[...]
0,"79":0,"80":0,"81":0,"82":0,"83":0,"84":0,"85":0,"86":0,"87":0,"88":0,"89":0,"90":0,"91":0,"92":0,"93":0,"94":0,"95":0,"96":0,"97":0,"98":0,"99":0,"100":0,"101":0,"102":0,"103":0,"104":0,"105":0,"106":0,"107":0,"108":0,"109":0,"110":0,"111":0,"112":0,"113":0,"114":0,"115":0,"116":0,"117":0,"118":0,"119":0,"120":0,"121":0,"122":0,"123":0,"124":0,"125":0,"126":0,"127":0,"128":0,"129":0,"130":0,"131":0},"f":{"0":0,"1":0,"2":0,"3":0,"4":0,"5":0,"6":0,"7":0,"8":0,"9":0,"10":0,"11":0,"12":0,"13":0,"14":0},"b":{"0":[0,0],"1":[0,0],"2":[0,0],"3":[0,0],"4":[0,0],"5":[0,0],"6":[0,0],"7":[0,0],"8":[0,0],"9":[0],"10":[0],"11":[0,0],"12":[0],"13":[0,0],"14":[0],"15":[0,0],"16":[0,0],"17":[0,0],"18":[0],"19":[0,0],"20":[0,0],"21":[0,0],"22":[0],"23":[0,0],"24":[0,0],"25":[0,0],"26":[0,0],"27":[0,0],"28":[0,0],"29":[0,0],"30":[0,0,0],"31":[0,0],"32":[0,0],"33":[0,0],"34":[0,0],"35":[0,0],"36":[0,0],"37":[0,0]}},"/home/adam/cs4098/client/event-sys-gui/src/react-datetime/src/__test.js":{"path":"/home/adam/cs4098/client/event-sys-gui/src/react-datetime/src/__test.js","statementMap":{"0":{"start":{"line":1,"column":38},"end":{"line":133,"column":7}},"1":{"start":{"line":3,"column":17},"end":{"line":3,"column":36}},"2":{"start":{"line":4,"column":11},"end":{"line":4,"column":30}},"3":{"start":{"line":5,"column":13},"end":{"line":5,"column":30}},"4":{"start":{"line":9,"column":4},"end":{"line":18,"column":68}},"5":{"start":{"line":16,"column":98},"end":{"line":16,"column":176}},"6":{"start":{"line":21,"column":4},"end":{"line":22,"column":31}},"7":{"start":{"line":22,"column":4},"end":{"line":22,"column":31}},"8":{"start":{"line":24,"column":4},"end":{"line":25,"column":53}},"9":{"start":{"line":35,"column":15},"end":{"line":35,"column":34}},"10":{"start":{"line":36,"column":12},"end":{"line":36,"column":35}},"11":{"start":{"line":37,"column":10},"end":{"line":37,"column":12}},"12":{"start":{"line":38,"column":8},"end":{"line":38,"column":9}},"13":{"start":{"line":41,"column":4},"end":{"line":43,"column":7}},"14":{"start":{"line":42,"column":6},"end":{"line":42,"column":39}},"15":{"start":{"line":45,"column":4},"end":{"line":45,"column":15}},"16":{"start":{"line":49,"column":15},"end":{"line":49,"column":34}},"17":{"start":{"line":50,"column":15},"end":{"line":50,"column":73}},"18":{"start":{"line":51,"column":16},"end":{"line":51,"column":50}},"19":{"start":{"line":52,"column":18},"end":{"line":52,"column":29}},"20":{"start":{"line":53,"column":19},"end":{"line":53,"column":31}},"21":{"start":{"line":54,"column":12},"end":{"line":54,"column":14}},"22":{"start":{"line":55,"column":11},"end":{"line":55,"column":13}},"23":{"start":{"line":56,"column":15},"end":{"line":56,"column":53}},"24":{"start":{"line":57,"column":14},"end":{"line":57,"column":60}},"25":{"start":{"line":62,"column":4},"end":{"line":62,"column":60}},"26":{"start":{"line":63,"column":18},"end":{"line":63,"column":48}},"27":{"start":{"line":65,"column":4},"end":{"line":101,"column":5}},"28":{"start":{"line":66,"column":6},"end":{"line":66,"column":25}},"29":{"start":{"line":67,"column":6},"end":{"line":67,"column":38}},"30":{"start":{"line":69,"column":6},"end":{"line":72,"column":27}},"31":{"start":{"line":70,"column":6},"end":{"line":70,"column":27}},"32":{"start":{"line":71,"column":6},"end":{"line":72,"column":27}},"33":{"start":{"line":72,"column":6},"end":{"line":72,"column":27}},"34":{"start":{"line":74,"column":6},"end":{"line":75,"column":30}},"35":{"start":{"line":75,"column":6},"end":{"line":75,"column":30}},"36":{"start":{"line":77,"column":6},"end":{"line":78,"column":29}},"37":{"start":{"line":78,"column":6},"end":{"line":78,"column":29}},"38":{"start":{"line":80,"column":6},"end":{"line":80,"column":51}},"39":{"start":{"line":81,"column":6},"end":{"line":82,"column":32}},"40":{"start":{"line":82,"column":6},"end":{"line":82,"column":32}},"41":{"start":{"line":84,"column":6},"end":{"line":87,"column":29}},"42":{"start":{"line":90,"column":6},"end":{"line":91,"column":49}},"43":{"start":{"line":91,"column":6},"end":{"line":91,"column":49}},"44":{"start":{"line":93,"column":6},"end":{"line":93,"column":59}},"45":{"start":{"line":95,"column":6},"end":{"line":98,"column":7}},"46":{"start":{"line":96,"column":8},"end":{"line":96,"column":86}},"47":{"start":{"line":97,"column":8},"end":{"line":97,"column":18}},"48":{"start":{"line":100,"column":6},"end":{"line":100,"column":28}},"49":{"start":{"line":103,"column":4},"end":{"line":103,"column":17}},"50":{"start":{"line":107,"column":4},"end":{"line":107,"column":47}},"51":{"start":{"line":111,"column":4},"end":{"line":111,"column":64}},"52":{"start":{"line":115,"column":4},"end":{"line":116,"column":14}},"53":{"start":{"line":116,"column":4},"end":{"line":116,"column":14}},"54":{"start":{"line":118,"column":15},"end":{"line":118,"column":61}},"55":{"start":{"line":120,"column":4},"end":{"line":122,"column":150}},"56":{"start":{"line":128,"column":4},"end":{"line":128,"column":13}},"57":{"start":{"line":132,"column":4},"end":{"line":132,"column":36}}},"fnMap":{"0":{"name":"(anonymous_0)","decl":{"start":{"line":2,"column":10},"end":{"line":2,"column":11}},"loc":{"start":{"line":2,"column":22},"end":{"line":27,"column":3}},"line":2},"1":{"name":"(anonymous_1)","decl":{"start":{"line":16,"column":75},"end":{"line":16,"column":76}},"loc":{"start":{"line":16,"column":97},"end":{"line":16,"column":177}},"line":16},"2":{"name":"(anonymous_2)","decl":{"start":{"line":34,"column":17},"end":{"line":34,"column":18}},"loc":{"start":{"line":34,"column":35},"end":{"line":46,"column":3}},"line":34},"3":{"name":"(anonymous_3)","decl":{"start":{"line":41,"column":17},"end":{"line":41,"column":18}},"loc":{"start":{"line":41,"column":32},"end":{"line":43,"column":5}},"line":41},"4":{"name":"(anonymous_4)","decl":{"start":{"line":48,"column":14},"end":{"line":48,"column":15}},"loc":{"start":{"line":48,"column":26},"end":{"line":104,"column":3}},"line":48},"5":{"name":"(anonymous_5)","decl":{"start":{"line":106,"column":22},"end":{"line":106,"column":23}},"loc":{"start":{"line":106,"column":39},"end":{"line":108,"column":3}},"line":106},"6":{"name":"(anonymous_6)","decl":{"start":{"line":110,"column":13},"end":{"line":110,"column":14}},"loc":{"start":{"line":110,"column":43},"end":{"line":112,"column":3}},"line":110},"7":{"name":"(anonymous_7)","decl":{"start":{"line":114,"column":16},"end":{"line":114,"column":17}},"loc":{"start":{"line":114,"column":28},"end":{"line":125,"column":3}},"line":114},"8":{"name":"(anonymous_8)","decl":{"start":{"line":127,"column":19},"end":{"line":127,"column":20}},"loc":{"start":{"line":127,"column":31},"end":{"line":129,"column":3}},"line":127},"9":{"name":"(anonymous_9)","decl":{"start":{"line":131,"column":22},"end":{"line":131,"column":23}},"loc":{"start":{"line":131,"column":34},"end":{"line":133,"column":3}},"line":131}},"branchMap":{"0":{"loc":{"start":{"line":21,"column":4},"end":{"line":22,"column":31}},"type":"if","locations":[{"start":{"line":21,"column":4},"end":{"line":22,"column":31}},{"start":{"line":21,"column":4},"end":{"line":22,"column":31}}],"line":21},"1":{"loc":{"start":{"line":50,"column":15},"end":{"line":50,"column":73}},"type":"binary-expr","locations":[{"start":{"line":50,"column":15},"end":{"line":50,"column":38}},{"start":{"line":50,"column":42},"end":{"line":50,"column":73}}],"line":50},"2":{"loc":{"start":{"line":56,"column":15},"end":{"line":56,"column":53}},"type":"binary-expr","locations":[{"start":{"line":56,"column":15},"end":{"line":56,"column":35}},{"start":{"line":56,"column":39},"end":{"line":56,"column":53}}],"line":56},"3":{"loc":{"start":{"line":57,"column":14},"end":{"line":57,"column":60}},"type":"binary-expr","locations":[{"start":{"line":57,"column":14},"end":{"line":57,"column":36}},{"start":{"line":57,"column":40},"end":{"line":57,"column":60}}],"line":57},"4":{"loc":{"start":{"line":69,"column":6},"end":{"line":72,"column":27}},"type":"if","locations":[{"start":{"line":69,"column":6},"end":{"line":72,"column":27}},{"start":{"line":69,"column":6},"end":{"line":72,"column":27}}],"line":69},"5":{"loc":{"start":{"line":69,"column":10},"end":{"line":69,"column":112}},"type":"binary-expr","locations":[{"start":{"line":69,"column":10},"end":{"line":69,"column":42}},{"start":{"line":69,"column":46},"end":{"line":69,"column":78}},{"start":{"line":69,"column":82},"end":{"line":69,"column":112}}],"line":69},"6":{"loc":{"start":{"line":71,"column":6},"end":{"line":72,"column":27}},"type":"if","locations":[{"start":{"line":71,"column":6},"end":{"line":72,"column":27}},{"start":{"line":71,"column":6},"end":{"line":72,"column":27}}],"line":71},"7":{"loc":{"start":{"line":71,"column":10},"end":{"line":71,"column":112}},"type":"binary-expr","locations":[{"start":{"line":71,"column":10},"end":{"line":71,"column":42}},{"start":{"line":71,"column":46},"end":{"line":71,"column":78}},{"start":{"line":71,"column":82},"end":{"line":71,"column":112}}],"line":71},"8":{"loc":{"start":{"line":74,"column":6},"end":{"line":75,"column":30}},"type":"if","locations":[{"start":{"line":74,"column":6},"end":{"line":75,"column":30}},{"start":{"line":74,"column":6},"end":{"line":75,"column":30}}],"line":74},"9":{"loc":{"start":{"line":74,"column":10},"end":{"line":74,"column":55}},"type":"binary-expr","locations":[{"start":{"line":74,"column":10},"end":{"line":74,"column":18}},{"start":{"line":74,"column":22},"end":{"line":74,"column":55}}],"line":74},"10":{"loc":{"start":{"line":77,"column":6},"end":{"line":78,"column":29}},"type":"if","locations":[{"start":{"line":77,"column":6},"end":{"line":78,"column":29}},{"start":{"line":77,"column":6},"end":{"line":78,"column":29}}],"line":77},"11":{"loc":{"start":{"line":81,"column":6},"end":{"line":82,"column":32}},"type":"if","locations":[{"start":{"line":81,"column":6},"end":{"line":82,"column":32}},{"start":{"line":81,"column":6},"end":{"line":82,"column":32}}],"line":81},"12":{"loc":{"start":{"line":90,"column":6},"end":{"line":91,"column":49}},"type":"if","locations":[{"start":{"line":90,"column":6},"end":{"line":91,"column":49}},{"start":{"line":90,"column":6},"end":{"line":91,"column":49}}],"line":90},"13":{"loc":{"start":{"line":95,"column":6},"end":{"line":98,"column":7}},"type":"if","locations":[{"start":{"line":95,"column":6},"end":{"line":98,"column":7}},{"start":{"line":95,"column":6},"end":{"line":98,"column":7}}],"line":95},"14":{"loc":{"start":{"line":115,"column":4},"end":{"line":116,"column":14}},"type":"if","locations":[{"start":{"line":115,"column":4},"end":{"line":116,"column":14}},{"start":{"line":115,"column":4},"end":{"line":116,"column":14}}],"line":115},"15":{"loc":{"start":{"line":118,"column":15},"end":{"line":118,"column":61}},"type":"binary-expr","locations":[{"start":{"line":118,"column":15},"end":{"line":118,"column":38}},{"start":{"line":118,"column":42},"end":{"line":118,"column":61}}],"line":118}},"s":{"0":0,"1":0,"2":0,"3":0,"4":0,"5":0,"6":0,"7":0,"8":0,"9":0,"10":0,"11":0,"12":0,"13":0,"14":0,"15":0,"16":0,"17":0,"18":0,"19":0,"20":0,"21":0,"22":0,"23":0,"24":0,"25":0,"26":0,"27":0,"28":0,"29":0,"30":0,"31":0,"32":0,"33":0,"34":0,"35":0,"36":0,"37":0,"38":0,"39":0,"40":0,"41":0,"42":0,"43":0,"44":0,"45":0,"46":0,"47":0,"48":0,"49":0,"50":0,"51":0,"52":0,"53":0,"54":0,"55":0,"56":0,"57":0},"f":{"0":0,"1":0,"2":0,"3":0,"4":0,"5":0,"6":0,"7":0,"8":0,"9":0},"b":{"0":[0,0],"1":[0,0],"2":[0,0],"3":[0,0],"4":[0,0],"5":[0,0,0],"6":[0,0],"7":[0,0,0],"8":[0,0],"9":[0,0],"10":[0,0],"11":[0,0],"12":[0,0],"13":[0,0],"14":[0,0],"15":[0,0]}},"/home/adam/cs4098/client/event-sys-gui/src/registerServiceWorker.js":{"path":"/home/adam/cs4098/client/event-sys-gui/src/registerServiceWorker.js","statementMap":{"0":{"start":{"line":1,"column":13},"end":{"line":1,"column":75}},"1":{"start":{"line":1,"column":75},"end":{"line":21,"column":9}},"2":{"start":{"line":21,"column":9},"end":{"line":111,"column":24}},"3":{"start":{"line":118,"column":20},"end":{"line":120,"column":89}},"4":{"start":{"line":120,"column":111},"end":{"line":128,"column":36}},"5":{"start":{"line":121,"column":22},"end":{"line":121,"column":70}},"6":{"start":{"line":121,"column":71},"end":{"line":124,"column":14}},"7":{"start":{"line":124,"column":6},"end":{"line":124,"column":13}},"8":{"start":{"line":124,"column":14},"end":{"line":128,"column":35}},"9":{"start":{"line":124,"column":67},"end":{"line":124,"column":112}},"10":{"start":{"line":124,"column":113},"end":{"line":128,"column":32}},"11":{"start":{"line":125,"column":8},"end":{"line":125,"column":39}},"12":{"start":{"line":127,"column":8},"end":{"line":127,"column":178}},"13":{"start":{"line":127,"column":50},"end":{"line":127,"column":175}},"14":{"start":{"line":128,"column":8},"end":{"line":128,"column":31}},"15":{"start":{"line":128,"column":70},"end":{"line":135,"column":156}},"16":{"start":{"line":128,"column":132},"end":{"line":135,"column":68}},"17":{"start":{"line":128,"column":193},"end":{"line":128,"column":216}},"18":{"start":{"line":128,"column":217},"end":{"line":135,"column":66}},"19":{"start":{"line":128,"column":257},"end":{"line":135,"column":64}},"20":{"start":{"line":128,"column":302},"end":{"line":135,"column":63}},"21":{"start":{"line":132,"column":12},"end":{"line":132,"column":69}},"22":{"start":{"line":135,"column":12},"end":{"line":135,"column":62}},"23":{"start":{"line":135,"column":87},"end":{"line":135,"column":153}},"24":{"start":{"line":136,"column":2},"end":{"line":139,"column":126}},"25":{"start":{"line":137,"column":4},"end":{"line":139,"column":30}},"26":{"start":{"line":138,"column":6},"end":{"line":138,"column":127}},"27":{"start":{"line":138,"column":58},"end":{"line":138,"column":124}},"28":{"start":{"line":138,"column":96},"end":{"line":138,"column":121}},"29":{"start":{"line":139,"column":6},"end":{"line":139,"column":29}},"30":{"start":{"line":139,"column":46},"end":{"line":139,"column":123}},"31":{"start":{"line":139,"column":150},"end":{"line":139,"column":267}},"32":{"start":{"line":139,"column":185},"end":{"line":139,"column":266}},"33":{"start":{"line":139,"column":237},"end":{"line":139,"column":263}}},"fnMap":{"0":{"name":"register","decl":{"start":{"line":120,"column":99},"end":{"line":120,"column":107}},"loc":{"start":{"line":120,"column":110},"end":{"line":128,"column":37}},"line":120},"1":{"name":"(anonymous_1)","decl":{"start":{"line":124,"column":46},"end":{"line":124,"column":47}},"loc":{"start":{"line":124,"column":52},"end":{"line":128,"column":33}},"line":124},"2":{"name":"(anonymous_2)","decl":{"start":{"line":127,"column":43},"end":{"line":127,"column":44}},"loc":{"start":{"line":127,"column":49},"end":{"line":127,"column":176}},"line":127},"3":{"name":"registerValidSW","decl":{"start":{"line":128,"column":46},"end":{"line":128,"column":61}},"loc":{"start":{"line":128,"column":69},"end":{"line":135,"column":157}},"line":128},"4":{"name":"(anonymous_4)","decl":{"start":{"line":128,"column":115},"end":{"line":128,"column":116}},"loc":{"start":{"line":128,"column":131},"end":{"line":135,"column":69}},"line":128},"5":{"name":"(anonymous_5)","decl":{"start":{"line":128,"column":161},"end":{"line":128,"column":162}},"loc":{"start":{"line":128,"column":167},"end":{"line":135,"column":67}},"line":128},"6":{"name":"(anonymous_6)","decl":{"start":{"line":128,"column":250},"end":{"line":128,"column":251}},"loc":{"start":{"line":128,"column":256},"end":{"line":135,"column":65}},"line":128},"7":{"name":"(anonymous_7)","decl":{"start":{"line":135,"column":77},"end":{"line":135,"column":78}},"loc":{"start":{"line":135,"column":86},"end":{"line":135,"column":154}},"line":135},"8":{"name":"checkValidServiceWorker","decl":{"start":{"line":135,"column":166},"end":{"line":135,"column":189}},"loc":{"start":{"line":135,"column":197},"end":{"line":139,"column":127}},"line":135},"9":{"name":"(anonymous_9)","decl":{"start":{"line":136,"column":20},"end":{"line":136,"column":21}},"loc":{"start":{"line":136,"column":32},"end":{"line":139,"column":31}},"line":136},"10":{"name":"(anonymous_10)","decl":{"start":{"line":138,"column":41},"end":{"line":138,"column":42}},"loc":{"start":{"line":138,"column":57},"end":{"line":138,"column":125}},"line":138},"11":{"name":"(anonymous_11)","decl":{"start":{"line":138,"column":89},"end":{"line":138,"column":90}},"loc":{"start":{"line":138,"column":95},"end":{"line":138,"column":122}},"line":138},"12":{"name":"(anonymous_12)","decl":{"start":{"line":139,"column":39},"end":{"line":139,"column":40}},"loc":{"start":{"line":139,"column":45},"end":{"line":139,"column":124}},"line":139},"13":{"name":"unregister","decl":{"start":{"line":139,"column":136},"end":{"line":139,"column":146}},"loc":{"start":{"line":139,"column":149},"end":{"line":139,"column":268}},"line":139},"14":{"name":"(anonymous_14)","decl":{"start":{"line":139,"column":220},"end":{"line":139,"column":221}},"loc":{"start":{"line":139,"column":236},"end":{"line":139,"column":264}},"line":139}},"branchMap":{"0":{"loc":{"start":{"line":118,"column":28},"end":{"line":120,"column":88}},"type":"binary-expr","locations":[{"start":{"line":118,"column":28},"end":{"line":118,"column":68}},{"start":{"line":119,"column":0},"end":{"line":119,"column":36}},{"start":{"line":120,"column":0},"end":{"line":120,"column":88}}],"line":118},"1":{"loc":{"start":{"line":120,"column":111},"end":{"line":128,"column":36}},"type":"if","locations":[{"start":{"line":120,"column":111},"end":{"line":128,"column":36}},{"start":{"line":120,"column":111},"end":{"line":128,"column":36}}],"line":120},"2":{"loc":{"start":{"line":120,"column":115},"end":{"line":120,"column":184}},"type":"binary-expr","locations":[{"start":{"line":120,"column":115},"end":{"line":120,"column":152}},{"start":{"line":120,"column":156},"end":{"line":120,"column":184}}],"line":120},"3":{"loc":{"start":{"line":121,"column":71},"end":{"line":124,"column":14}},"type":"if","locations":[{"start":{"line":121,"column":71},"end":{"line":124,"column":14}},{"start":{"line":121,"column":71},"end":{"line":124,"column":14}}],"line":121},"4":{"loc":{"start":{"line":124,"column":113},"end":{"line":128,"column":32}},"type":"if","locations":[{"start":{"line":124,"column":113},"end":{"line":128,"column":32}},{"start":{"line":124,"column":113},"end":{"line":128,"column":32}}],"line":124},"5":{"loc":{"start":{"line":128,"column":257},"end":{"line":135,"column":64}},"type":"if","locations":[{"start":{"line":128,"column":257},"end":{"line":135,"column":64}},{"start":{"line":128,"column":257},"end":{"line":135,"column":64}}],"line":128},"6":{"loc":{"start":{"line":128,"column":302},"end":{"line":135,"column":63}},"type":"if","locations":[{"start":{"line":128,"column":302},"end":{"line":135,"column":63}},{"start":{"line":128,"column":302},"end":{"line":135,"column":63}}],"line":128},"7":{"loc":{"start":{"line":137,"column":4},"end":{"line":139,"column":30}},"type":"if","locations":[{"start":{"line":137,"column":4},"end":{"line":139,"column":30}},{"start":{"line":137,"column":4},"end":{"line":139,"column":30}}],"line":137},"8":{"loc":{"start":{"line":137,"column":8},"end":{"line":137,"column":100}},"type":"binary-expr","locations":[{"start":{"line":137,"column":8},"end":{"line":137,"column":31}},{"start":{"line":137,"column":35},"end":{"line":137,"column":100}}],"line":137},"9":{"loc":{"start":{"line":139,"column":150},"end":{"line":139,"column":267}},"type":"if","locations":[{"start":{"line":139,"column":150},"end":{"line":139,"column":267}},{"start":{"line":139,"column":150},"end":{"line":139,"column":267}}],"line":139}},"s":{"0":0,"1":0,"2":0,"3":0,"4":0,"5":0,"6":0,"7":0,"8":0,"9":0,"10":0,"11":0,"12":0,"13":0,"14":0,"15":0,"16":0,"17":0,"18":0,"19":0,"20":0,"21":0,"22":0,"23":0,"24":0,"25":0,"26":0,"27":0,"28":0,"29":0,"30":0,"31":0,"32":0,"33":0},"f":{"0":0,"1":0,"2":0,"3":0,"4":0,"5":0,"6":0,"7":0,"8":0,"9":0,"10":0,"11":0,"12":0,"13":0,"14":0},"b":{"0":[0,0,0],"1":[0,0],"2":[0,0],"3":[0,0],"4":[0,0],"5":[0,0],"6":[0,0],"7":[0,0],"8":[0,0],"9":[0,0]}}}}